#
# A fatal error has been detected by the Java Runtime Environment:
#
#  EXCEPTION_ACCESS_VIOLATION (0xc0000005) at pc=0x10085f80, pid=4180, tid=3584
#
# JRE version: 6.0_16-b01
# Java VM: Java HotSpot(TM) Client VM (14.2-b01 mixed mode windows-x86 )
# Problematic frame:
# C  0x10085f80
#
# If you would like to submit a bug report, please visit:
#   http://java.sun.com/webapps/bugreport/crash.jsp
# The crash happened outside the Java Virtual Machine in native code.
# See problematic frame for where to report the bug.
#

---------------  T H R E A D  ---------------

Current thread (0x019c8000):  JavaThread "Finalizer" daemon [_thread_in_native, id=3584, stack(0x0fb80000,0x0fbd0000)]

siginfo: ExceptionCode=0xc0000005, reading address 0x10085f80

Registers:
EAX=0x10085f80, EBX=0x0bda1460, ECX=0x019c8110, EDX=0x0be008a8
ESP=0x0fbcf62c, EBP=0x0fbcf660, ESI=0x0bda1460, EDI=0x019c8000
EIP=0x10085f80, EFLAGS=0x00010283

Top of Stack: (sp=0x0fbcf62c)
0x0fbcf62c:   01a39e37 019c8110 0fbcf668 1018dea8
0x0fbcf63c:   00000000 0fbcf640 00000000 0fbcf674
0x0fbcf64c:   0be008a8 00000000 0bda1460 00000000
0x0fbcf65c:   0fbcf670 0fbcf698 01a32da1 0bda17b0
0x0fbcf66c:   01a38269 1018dea8 00000000 0fbcf678
0x0fbcf67c:   0bd9f60d 0fbcf6a0 0be008a8 00000000
0x0fbcf68c:   0bd9f630 0fbcf670 0fbcf6a0 0fbcf6b4
0x0fbcf69c:   01a302cb 0448e258 00001f80 01a30266 

Instructions: (pc=0x10085f80)
0x10085f70:   
[error occurred during error reporting (printing registers, top of stack, instructions near pc), id 0xc0000005]

Stack: [0x0fb80000,0x0fbd0000],  sp=0x0fbcf62c,  free space=317k
Native frames: (J=compiled Java code, j=interpreted, Vv=VM code, C=native code)
C  0x10085f80
j  com.sun.jna.Memory.finalize()V+13
v  ~StubRoutines::call_stub
V  [jvm.dll+0xecf9c]
V  [jvm.dll+0x1741e1]
V  [jvm.dll+0xed01d]
V  [jvm.dll+0xf5e2f]
V  [jvm.dll+0xf8b24]
C  [java.dll+0x2115]
j  java.lang.ref.Finalizer.runFinalizer()V+45
j  java.lang.ref.Finalizer.access$100(Ljava/lang/ref/Finalizer;)V+1
j  java.lang.ref.Finalizer$FinalizerThread.run()V+11
v  ~StubRoutines::call_stub
V  [jvm.dll+0xecf9c]
V  [jvm.dll+0x1741e1]
V  [jvm.dll+0xed167]
V  [jvm.dll+0xed1dd]
V  [jvm.dll+0x116290]
V  [jvm.dll+0x1d0424]
V  [jvm.dll+0x173e5c]
C  [msvcr71.dll+0x9565]
C  [kernel32.dll+0x4ef1c]
C  [ntdll.dll+0x6367a]
C  [ntdll.dll+0x6364d]

Java frames: (J=compiled Java code, j=interpreted, Vv=VM code)
j  com.sun.jna.Memory.free(J)V+0
j  com.sun.jna.Memory.finalize()V+13
v  ~StubRoutines::call_stub
j  java.lang.ref.Finalizer.invokeFinalizeMethod(Ljava/lang/Object;)V+0
j  java.lang.ref.Finalizer.runFinalizer()V+45
j  java.lang.ref.Finalizer.access$100(Ljava/lang/ref/Finalizer;)V+1
j  java.lang.ref.Finalizer$FinalizerThread.run()V+11
v  ~StubRoutines::call_stub

---------------  P R O C E S S  ---------------

Java Threads: ( => current thread )
  0x0fdcf400 JavaThread "Thread-2" daemon [_thread_in_native, id=4676, stack(0x12410000,0x12460000)]
  0x012b9000 JavaThread "DestroyJavaVM" [_thread_blocked, id=4308, stack(0x00260000,0x002b0000)]
  0x0fdc8400 JavaThread "TimerQueue" daemon [_thread_blocked, id=5012, stack(0x111d0000,0x11220000)]
  0x0ff27000 JavaThread "AWT-EventQueue-0" [_thread_blocked, id=4352, stack(0x10b30000,0x10b80000)]
  0x019d0800 JavaThread "AWT-Shutdown" [_thread_blocked, id=5636, stack(0x10ae0000,0x10b30000)]
  0x01a2e400 JavaThread "AWT-Windows" daemon [_thread_in_native, id=3784, stack(0x10380000,0x103d0000)]
  0x01a2d800 JavaThread "Java2D Disposer" daemon [_thread_blocked, id=5504, stack(0x102c0000,0x10310000)]
  0x01a09000 JavaThread "Low Memory Detector" daemon [_thread_blocked, id=4528, stack(0x0fcc0000,0x0fd10000)]
  0x01a04800 JavaThread "CompilerThread0" daemon [_thread_blocked, id=5780, stack(0x0fc70000,0x0fcc0000)]
  0x01a03800 JavaThread "Attach Listener" daemon [_thread_blocked, id=3840, stack(0x0fc20000,0x0fc70000)]
  0x019f6c00 JavaThread "Signal Dispatcher" daemon [_thread_blocked, id=5848, stack(0x0fbd0000,0x0fc20000)]
=>0x019c8000 JavaThread "Finalizer" daemon [_thread_in_native, id=3584, stack(0x0fb80000,0x0fbd0000)]
  0x019c6c00 JavaThread "Reference Handler" daemon [_thread_blocked, id=6088, stack(0x0fb30000,0x0fb80000)]

Other Threads:
  0x019c2c00 VMThread [stack: 0x0fae0000,0x0fb30000] [id=4780]
  0x01a1c000 WatcherThread [stack: 0x0fd10000,0x0fd60000] [id=3512]

VM state:not at safepoint (normal execution)

VM Mutex/Monitor currently owned by a thread: None

Heap
 def new generation   total 9088K, used 383K [0x03ab0000, 0x04480000, 0x04480000)
  eden space 8128K,   4% used [0x03ab0000, 0x03b0fce8, 0x042a0000)
  from space 960K,   0% used [0x04390000, 0x04390000, 0x04480000)
  to   space 960K,   0% used [0x042a0000, 0x042a0000, 0x04390000)
 tenured generation   total 121024K, used 5220K [0x04480000, 0x0bab0000, 0x0bab0000)
   the space 121024K,   4% used [0x04480000, 0x04999190, 0x04999200, 0x0bab0000)
 compacting perm gen  total 12288K, used 11722K [0x0bab0000, 0x0c6b0000, 0x0fab0000)
   the space 12288K,  95% used [0x0bab0000, 0x0c6228f8, 0x0c622a00, 0x0c6b0000)
No shared spaces configured.

Dynamic libraries:
0x00400000 - 0x00424000 	D:\ARDUINO DATA\arduino-1.0.5-r2\java\bin\javaw.exe
0x777c0000 - 0x77902000 	C:\Windows\SYSTEM32\ntdll.dll
0x774a0000 - 0x77575000 	C:\Windows\system32\kernel32.dll
0x75910000 - 0x7595b000 	C:\Windows\system32\KERNELBASE.dll
0x77390000 - 0x77431000 	C:\Windows\system32\ADVAPI32.dll
0x76360000 - 0x7640c000 	C:\Windows\system32\msvcrt.dll
0x77370000 - 0x77389000 	C:\Windows\SYSTEM32\sechost.dll
0x77960000 - 0x77a02000 	C:\Windows\system32\RPCRT4.dll
0x772a0000 - 0x77369000 	C:\Windows\system32\USER32.dll
0x75f20000 - 0x75f6e000 	C:\Windows\system32\GDI32.dll
0x77950000 - 0x7795a000 	C:\Windows\system32\LPK.dll
0x75a30000 - 0x75acd000 	C:\Windows\system32\USP10.dll
0x77930000 - 0x7794f000 	C:\Windows\system32\IMM32.DLL
0x760d0000 - 0x7619d000 	C:\Windows\system32\MSCTF.dll
0x7c340000 - 0x7c396000 	D:\ARDUINO DATA\arduino-1.0.5-r2\java\bin\msvcr71.dll
0x6d8b0000 - 0x6db3b000 	D:\ARDUINO DATA\arduino-1.0.5-r2\java\bin\client\jvm.dll
0x6f7a0000 - 0x6f7d2000 	C:\Windows\system32\WINMM.dll
0x755a0000 - 0x755ec000 	C:\Windows\system32\apphelp.dll
0x6d860000 - 0x6d86c000 	D:\ARDUINO DATA\arduino-1.0.5-r2\java\bin\verify.dll
0x6d3e0000 - 0x6d3ff000 	D:\ARDUINO DATA\arduino-1.0.5-r2\java\bin\java.dll
0x6d340000 - 0x6d348000 	D:\ARDUINO DATA\arduino-1.0.5-r2\java\bin\hpi.dll
0x77910000 - 0x77915000 	C:\Windows\system32\PSAPI.DLL
0x6d8a0000 - 0x6d8af000 	D:\ARDUINO DATA\arduino-1.0.5-r2\java\bin\zip.dll
0x75110000 - 0x75127000 	C:\Windows\system32\CRYPTSP.dll
0x74e70000 - 0x74eab000 	C:\Windows\system32\rsaenh.dll
0x756f0000 - 0x75707000 	C:\Windows\system32\USERENV.dll
0x756e0000 - 0x756eb000 	C:\Windows\system32\profapi.dll
0x755f0000 - 0x755fc000 	C:\Windows\system32\CRYPTBASE.dll
0x6d6c0000 - 0x6d6d3000 	D:\ARDUINO DATA\arduino-1.0.5-r2\java\bin\net.dll
0x76320000 - 0x76355000 	C:\Windows\system32\WS2_32.dll
0x760c0000 - 0x760c6000 	C:\Windows\system32\NSI.dll
0x750d0000 - 0x7510c000 	C:\Windows\system32\mswsock.dll
0x750c0000 - 0x750c6000 	C:\Windows\System32\wship6.dll
0x73440000 - 0x73450000 	C:\Windows\system32\NLAapi.dll
0x6f790000 - 0x6f7a0000 	C:\Windows\system32\napinsp.dll
0x6f770000 - 0x6f782000 	C:\Windows\system32\pnrpnsp.dll
0x74f60000 - 0x74fa4000 	C:\Windows\system32\DNSAPI.dll
0x6f760000 - 0x6f768000 	C:\Windows\System32\winrnr.dll
0x16080000 - 0x16099000 	C:\Program Files\Bonjour\mdnsNSP.dll
0x73310000 - 0x7332c000 	C:\Windows\system32\Iphlpapi.DLL
0x732f0000 - 0x732f7000 	C:\Windows\system32\WINNSI.DLL
0x63560000 - 0x63568000 	C:\Program Files\National Instruments\Shared\mDNS Responder\nimdnsNSP.dll
0x63550000 - 0x6355b000 	C:\Windows\system32\nimdnsResponder.dll
0x71460000 - 0x71503000 	C:\Windows\WinSxS\x86_microsoft.vc90.crt_1fc8b3b9a1e18e3b_9.0.30729.6161_none_50934f2ebcb7eb57\MSVCR90.dll
0x74bf0000 - 0x74bf5000 	C:\Windows\System32\wshtcpip.dll
0x71450000 - 0x71456000 	C:\Windows\system32\rasadhlp.dll
0x73100000 - 0x73138000 	C:\Windows\System32\fwpuclnt.dll
0x6d0b0000 - 0x6d1fa000 	D:\ARDUINO DATA\arduino-1.0.5-r2\java\bin\awt.dll
0x71310000 - 0x71361000 	C:\Windows\system32\WINSPOOL.DRV
0x77580000 - 0x776dd000 	C:\Windows\system32\ole32.dll
0x744a0000 - 0x7463e000 	C:\Windows\WinSxS\x86_microsoft.windows.common-controls_6595b64144ccf1df_6.0.7601.18837_none_41e855142bd5705d\comctl32.dll
0x776e0000 - 0x77737000 	C:\Windows\system32\SHLWAPI.dll
0x73fe0000 - 0x73ff3000 	C:\Windows\system32\DWMAPI.DLL
0x74320000 - 0x74360000 	C:\Windows\system32\uxtheme.dll
0x10020000 - 0x10037000 	C:\Program Files\Smadav\SmadHook32.dll
0x74c70000 - 0x74c79000 	C:\Windows\system32\VERSION.dll
0x76650000 - 0x7729b000 	C:\Windows\system32\shell32.dll
0x6d2e0000 - 0x6d334000 	D:\ARDUINO DATA\arduino-1.0.5-r2\java\bin\fontmanager.dll
0x6d6e0000 - 0x6d6e9000 	D:\ARDUINO DATA\arduino-1.0.5-r2\java\bin\nio.dll
0x761a0000 - 0x76231000 	C:\Windows\system32\OLEAUT32.DLL
0x76290000 - 0x76313000 	C:\Windows\system32\CLBCatQ.DLL
0x11190000 - 0x111a2000 	D:\ARDUINO DATA\arduino-1.0.5-r2\rxtxSerial.dll
0x6c240000 - 0x6c267000 	C:\Windows\system32\crtdll.dll
0x75660000 - 0x7566e000 	C:\Windows\system32\RpcRtRemote.dll

VM Arguments:
jvm_args: -Xms128m -Xmx128m 
java_command: processing.app.Base D:\ARDUINO DATA\Htet Htet\test\test.ino
Launcher Type: SUN_STANDARD

Environment Variables:
PATH=C:\ProgramData\Oracle\Java\javapath;C:\Windows\system32;C:\Windows;C:\Windows\System32\Wbem;C:\Windows\System32\WindowsPowerShell\v1.0\;C:\Program Files\Mitov\Visuino;D:\ARDUINO DATA\arduino-1.0.5-r2\java\bin
USERNAME=User
OS=Windows_NT
PROCESSOR_IDENTIFIER=x86 Family 6 Model 37 Stepping 5, GenuineIntel



---------------  S Y S T E M  ---------------

OS: Windows 7 Build 7601 Service Pack 1

CPU:total 4 (8 cores per cpu, 2 threads per core) family 6 model 37 stepping 5, cmov, cx8, fxsr, mmx, sse, sse2, sse3, ssse3, sse4.1, sse4.2, ht

Memory: 4k page, physical 1953320k(1011440k free), swap 3906640k(1971020k free)

vm_info: Java HotSpot(TM) Client VM (14.2-b01) for windows-x86 JRE (1.6.0_16-b01), built on Jul 31 2009 11:26:58 by "java_re" with MS VC++ 7.1

time: Wed Apr 26 20:00:02 2017
elapsed time: 12029 seconds

