#
# A fatal error has been detected by the Java Runtime Environment:
#
#  EXCEPTION_ACCESS_VIOLATION (0xc0000005) at pc=0x6f697461, pid=1452, tid=2932
#
# JRE version: 6.0_16-b01
# Java VM: Java HotSpot(TM) Client VM (14.2-b01 mixed mode windows-x86 )
# Problematic frame:
# C  0x6f697461
#
# If you would like to submit a bug report, please visit:
#   http://java.sun.com/webapps/bugreport/crash.jsp
# The crash happened outside the Java Virtual Machine in native code.
# See problematic frame for where to report the bug.
#

---------------  T H R E A D  ---------------

Current thread (0x01a78800):  JavaThread "Thread-10" [_thread_in_native, id=2932, stack(0x10870000,0x108c0000)]

siginfo: ExceptionCode=0xc0000005, reading address 0x6f697461

Registers:
EAX=0x6120726f, EBX=0x6d9a6550, ECX=0x75177632, EDX=0x6120726f
ESP=0x108bf580, EBP=0x63696c70, ESI=0x0c467908, EDI=0x01a78800
EIP=0x6f697461, EFLAGS=0x00010212

Top of Stack: (sp=0x108bf580)
0x108bf580:   6572206e 73657571 0a0d2e74 0000000a
0x108bf590:   108bf4d0 770653cc 75d425f6 000004a0
0x108bf5a0:   00000414 00000000 7706503c 75176be2
0x108bf5b0:   00000414 00000000 108bf5d8 75d42634
0x108bf5c0:   00000414 01a78800 0c467908 6d9a6550
0x108bf5d0:   00000000 00000004 108bf858 11545169
0x108bf5e0:   000004a0 108bf854 108bf650 6d99c946
0x108bf5f0:   0fefce68 00000000 01a78800 6d99cfe2 

Instructions: (pc=0x6f697461)
0x6f697451:   
[error occurred during error reporting (printing registers, top of stack, instructions near pc), id 0xc0000005]

Stack: [0x10870000,0x108c0000],  sp=0x108bf580,  free space=317k
Native frames: (J=compiled Java code, j=interpreted, Vv=VM code, C=native code)
C  0x6f697461

[error occurred during error reporting (printing native stack), id 0xc0000005]

Java frames: (J=compiled Java code, j=interpreted, Vv=VM code)
j  gnu.io.RXTXPort.eventLoop()V+0
j  gnu.io.RXTXPort$MonitorThread.run()V+12
v  ~StubRoutines::call_stub

---------------  P R O C E S S  ---------------

Java Threads: ( => current thread )
=>0x01a78800 JavaThread "Thread-10" [_thread_in_native, id=2932, stack(0x10870000,0x108c0000)]
  0x01a79400 JavaThread "DestroyJavaVM" [_thread_blocked, id=2476, stack(0x00380000,0x003d0000)]
  0x01a78400 JavaThread "TimerQueue" daemon [_thread_blocked, id=3752, stack(0x123a0000,0x123f0000)]
  0x01a77000 JavaThread "AWT-EventQueue-0" [_thread_blocked, id=3420, stack(0x10700000,0x10750000)]
  0x01a76400 JavaThread "AWT-Shutdown" [_thread_blocked, id=2464, stack(0x106b0000,0x10700000)]
  0x01a76c00 JavaThread "AWT-Windows" daemon [_thread_in_native, id=3852, stack(0x10400000,0x10450000)]
  0x01a76000 JavaThread "Java2D Disposer" daemon [_thread_blocked, id=1800, stack(0x10260000,0x102b0000)]
  0x01a75800 JavaThread "Low Memory Detector" daemon [_thread_blocked, id=3816, stack(0x0fce0000,0x0fd30000)]
  0x01a63400 JavaThread "CompilerThread0" daemon [_thread_blocked, id=2488, stack(0x0fc90000,0x0fce0000)]
  0x01a60c00 JavaThread "Attach Listener" daemon [_thread_blocked, id=1840, stack(0x0fc40000,0x0fc90000)]
  0x01a56400 JavaThread "Signal Dispatcher" daemon [_thread_blocked, id=3820, stack(0x0fbf0000,0x0fc40000)]
  0x01a2a800 JavaThread "Finalizer" daemon [_thread_blocked, id=3184, stack(0x0fba0000,0x0fbf0000)]
  0x01a26000 JavaThread "Reference Handler" daemon [_thread_blocked, id=892, stack(0x0fb50000,0x0fba0000)]

Other Threads:
  0x01a21c00 VMThread [stack: 0x0fb00000,0x0fb50000] [id=2384]
  0x01a7ec00 WatcherThread [stack: 0x0fd30000,0x0fd80000] [id=1344]

VM state:not at safepoint (normal execution)

VM Mutex/Monitor currently owned by a thread: None

Heap
 def new generation   total 9088K, used 5514K [0x03a90000, 0x04460000, 0x04460000)
  eden space 8128K,  64% used [0x03a90000, 0x03fb7328, 0x04280000)
  from space 960K,  24% used [0x04280000, 0x042bb830, 0x04370000)
  to   space 960K,   0% used [0x04370000, 0x04370000, 0x04460000)
 tenured generation   total 121024K, used 7895K [0x04460000, 0x0ba90000, 0x0ba90000)
   the space 121024K,   6% used [0x04460000, 0x04c15ef0, 0x04c16000, 0x0ba90000)
 compacting perm gen  total 12288K, used 11854K [0x0ba90000, 0x0c690000, 0x0fa90000)
   the space 12288K,  96% used [0x0ba90000, 0x0c623bd0, 0x0c623c00, 0x0c690000)
No shared spaces configured.

Dynamic libraries:
0x00400000 - 0x00424000 	D:\arduino-1.0.5-r2\java\bin\javaw.exe
0x77020000 - 0x77162000 	C:\Windows\SYSTEM32\ntdll.dll
0x75cb0000 - 0x75d85000 	C:\Windows\system32\kernel32.dll
0x75170000 - 0x751bb000 	C:\Windows\system32\KERNELBASE.dll
0x76f70000 - 0x77011000 	C:\Windows\system32\ADVAPI32.dll
0x76a80000 - 0x76b2c000 	C:\Windows\system32\msvcrt.dll
0x755f0000 - 0x75609000 	C:\Windows\SYSTEM32\sechost.dll
0x771c0000 - 0x77262000 	C:\Windows\system32\RPCRT4.dll
0x75be0000 - 0x75ca9000 	C:\Windows\system32\USER32.dll
0x755a0000 - 0x755ee000 	C:\Windows\system32\GDI32.dll
0x771a0000 - 0x771aa000 	C:\Windows\system32\LPK.dll
0x75760000 - 0x757fd000 	C:\Windows\system32\USP10.dll
0x77180000 - 0x7719f000 	C:\Windows\system32\IMM32.DLL
0x76d30000 - 0x76dfc000 	C:\Windows\system32\MSCTF.dll
0x7c340000 - 0x7c396000 	D:\arduino-1.0.5-r2\java\bin\msvcr71.dll
0x6d8b0000 - 0x6db3b000 	D:\arduino-1.0.5-r2\java\bin\client\jvm.dll
0x6e3b0000 - 0x6e3e2000 	C:\Windows\system32\WINMM.dll
0x74e50000 - 0x74e9c000 	C:\Windows\system32\apphelp.dll
0x6d860000 - 0x6d86c000 	D:\arduino-1.0.5-r2\java\bin\verify.dll
0x6d3e0000 - 0x6d3ff000 	D:\arduino-1.0.5-r2\java\bin\java.dll
0x6d340000 - 0x6d348000 	D:\arduino-1.0.5-r2\java\bin\hpi.dll
0x75510000 - 0x75515000 	C:\Windows\system32\PSAPI.DLL
0x6d8a0000 - 0x6d8af000 	D:\arduino-1.0.5-r2\java\bin\zip.dll
0x749c0000 - 0x749d7000 	C:\Windows\system32\CRYPTSP.dll
0x74750000 - 0x7478b000 	C:\Windows\system32\rsaenh.dll
0x75130000 - 0x75147000 	C:\Windows\system32\USERENV.dll
0x74f80000 - 0x74f8b000 	C:\Windows\system32\profapi.dll
0x74ea0000 - 0x74eac000 	C:\Windows\system32\CRYPTBASE.dll
0x6d6c0000 - 0x6d6d3000 	D:\arduino-1.0.5-r2\java\bin\net.dll
0x75800000 - 0x75835000 	C:\Windows\system32\WS2_32.dll
0x771b0000 - 0x771b6000 	C:\Windows\system32\NSI.dll
0x74980000 - 0x749bc000 	C:\Windows\system32\mswsock.dll
0x74970000 - 0x74976000 	C:\Windows\System32\wship6.dll
0x72de0000 - 0x72df0000 	C:\Windows\system32\NLAapi.dll
0x6edc0000 - 0x6edd0000 	C:\Windows\system32\napinsp.dll
0x6e9a0000 - 0x6e9b2000 	C:\Windows\system32\pnrpnsp.dll
0x74840000 - 0x74884000 	C:\Windows\system32\DNSAPI.dll
0x6edb0000 - 0x6edb8000 	C:\Windows\System32\winrnr.dll
0x16080000 - 0x16099000 	C:\Program Files\Bonjour\mdnsNSP.dll
0x72260000 - 0x7227c000 	C:\Windows\system32\Iphlpapi.DLL
0x72250000 - 0x72257000 	C:\Windows\system32\WINNSI.DLL
0x744a0000 - 0x744a5000 	C:\Windows\System32\wshtcpip.dll
0x6ff70000 - 0x6ff76000 	C:\Windows\system32\rasadhlp.dll
0x72130000 - 0x72168000 	C:\Windows\System32\fwpuclnt.dll
0x10210000 - 0x1025c000 	C:\Users\User\AppData\Local\Temp\jna8523024914841640217.tmp
0x6d0b0000 - 0x6d1fa000 	D:\arduino-1.0.5-r2\java\bin\awt.dll
0x6fe30000 - 0x6fe81000 	C:\Windows\system32\WINSPOOL.DRV
0x75840000 - 0x7599d000 	C:\Windows\system32\ole32.dll
0x73d50000 - 0x73eee000 	C:\Windows\WinSxS\x86_microsoft.windows.common-controls_6595b64144ccf1df_6.0.7601.18837_none_41e855142bd5705d\comctl32.dll
0x76e80000 - 0x76ed7000 	C:\Windows\system32\SHLWAPI.dll
0x73890000 - 0x738a3000 	C:\Windows\system32\DWMAPI.DLL
0x73bd0000 - 0x73c10000 	C:\Windows\system32\uxtheme.dll
0x75e30000 - 0x76a7b000 	C:\Windows\system32\shell32.dll
0x6d2e0000 - 0x6d334000 	D:\arduino-1.0.5-r2\java\bin\fontmanager.dll
0x6d6e0000 - 0x6d6e9000 	D:\arduino-1.0.5-r2\java\bin\nio.dll
0x76ee0000 - 0x76f63000 	C:\Windows\system32\CLBCatQ.DLL
0x75d90000 - 0x75e21000 	C:\Windows\system32\OLEAUT32.dll
0x11540000 - 0x11552000 	D:\arduino-1.0.5-r2\rxtxSerial.dll
0x6c240000 - 0x6c267000 	C:\Windows\system32\crtdll.dll

VM Arguments:
jvm_args: -Xms128m -Xmx128m 
java_command: processing.app.Base
Launcher Type: SUN_STANDARD

Environment Variables:
PATH=C:\Windows\system32;C:\Windows;C:\Windows\System32\Wbem;C:\Windows\System32\WindowsPowerShell\v1.0\;C:\Program Files\Mitov\Visuino;C:\Program Files\Common Files\Nero\Lib\;D:\arduino-1.0.5-r2\java\bin
USERNAME=User
OS=Windows_NT
PROCESSOR_IDENTIFIER=x86 Family 6 Model 37 Stepping 5, GenuineIntel



---------------  S Y S T E M  ---------------

OS: Windows 7 Build 7601 Service Pack 1

CPU:total 4 (8 cores per cpu, 2 threads per core) family 6 model 37 stepping 5, cmov, cx8, fxsr, mmx, sse, sse2, sse3, ssse3, sse4.1, sse4.2, ht

Memory: 4k page, physical 1953320k(520736k free), swap 3906640k(2016412k free)

vm_info: Java HotSpot(TM) Client VM (14.2-b01) for windows-x86 JRE (1.6.0_16-b01), built on Jul 31 2009 11:26:58 by "java_re" with MS VC++ 7.1

time: Thu Nov 24 14:27:49 2016
elapsed time: 1938 seconds

