#
# A fatal error has been detected by the Java Runtime Environment:
#
#  EXCEPTION_ACCESS_VIOLATION (0xc0000005) at pc=0x6f697461, pid=1708, tid=616
#
# JRE version: 6.0_16-b01
# Java VM: Java HotSpot(TM) Client VM (14.2-b01 mixed mode windows-x86 )
# Problematic frame:
# C  0x6f697461
#
# If you would like to submit a bug report, please visit:
#   http://java.sun.com/webapps/bugreport/crash.jsp
# The crash happened outside the Java Virtual Machine in native code.
# See problematic frame for where to report the bug.
#

---------------  T H R E A D  ---------------

Current thread (0x0ff62000):  JavaThread "Thread-6" [_thread_in_native, id=616, stack(0x10700000,0x10750000)]

siginfo: ExceptionCode=0xc0000005, reading address 0x6f697461

Registers:
EAX=0x6120726f, EBX=0x6d9a6550, ECX=0x75d47632, EDX=0x6120726f
ESP=0x1074f380, EBP=0x63696c70, ESI=0x0c458ab8, EDI=0x0ff62000
EIP=0x6f697461, EFLAGS=0x00010212

Top of Stack: (sp=0x1074f380)
0x1074f380:   6572206e 73657571 0a0d2e74 0000000a
0x1074f390:   1074f2d0 77da53cc 76bb25f6 00000414
0x1074f3a0:   00000488 00000000 77da503c 75d46be2
0x1074f3b0:   00000488 00000000 1074f3d8 76bb2634
0x1074f3c0:   00000488 0ff62000 0c458ab8 6d9a6550
0x1074f3d0:   00000000 00000004 1074f658 11545169
0x1074f3e0:   00000414 1074f654 0c458e38 00000000
0x1074f3f0:   1074f400 1074f428 01a802cb 03d2e788 

Instructions: (pc=0x6f697461)
0x6f697451:   
[error occurred during error reporting (printing registers, top of stack, instructions near pc), id 0xc0000005]

Stack: [0x10700000,0x10750000],  sp=0x1074f380,  free space=316k
Native frames: (J=compiled Java code, j=interpreted, Vv=VM code, C=native code)
C  0x6f697461

[error occurred during error reporting (printing native stack), id 0xc0000005]

Java frames: (J=compiled Java code, j=interpreted, Vv=VM code)
j  gnu.io.RXTXPort.eventLoop()V+0
j  gnu.io.RXTXPort$MonitorThread.run()V+12
v  ~StubRoutines::call_stub

---------------  P R O C E S S  ---------------

Java Threads: ( => current thread )
=>0x0ff62000 JavaThread "Thread-6" [_thread_in_native, id=616, stack(0x10700000,0x10750000)]
  0x0199ec00 JavaThread "DestroyJavaVM" [_thread_blocked, id=3136, stack(0x00360000,0x003b0000)]
  0x0fd93800 JavaThread "TimerQueue" daemon [_thread_blocked, id=2516, stack(0x11fa0000,0x11ff0000)]
  0x0fedf400 JavaThread "AWT-EventQueue-0" [_thread_blocked, id=2924, stack(0x10b60000,0x10bb0000)]
  0x0fedec00 JavaThread "AWT-Shutdown" [_thread_blocked, id=2644, stack(0x10b10000,0x10b60000)]
  0x0fe4f400 JavaThread "AWT-Windows" daemon [_thread_in_native, id=1864, stack(0x102e0000,0x10330000)]
  0x0fe4e800 JavaThread "Java2D Disposer" daemon [_thread_blocked, id=2560, stack(0x100c0000,0x10110000)]
  0x01a56c00 JavaThread "Low Memory Detector" daemon [_thread_blocked, id=1184, stack(0x0fcd0000,0x0fd20000)]
  0x01a52000 JavaThread "CompilerThread0" daemon [_thread_blocked, id=1376, stack(0x0fc80000,0x0fcd0000)]
  0x01a51800 JavaThread "Attach Listener" daemon [_thread_blocked, id=2224, stack(0x0fc30000,0x0fc80000)]
  0x01a46c00 JavaThread "Signal Dispatcher" daemon [_thread_blocked, id=3344, stack(0x0fbe0000,0x0fc30000)]
  0x01a1a800 JavaThread "Finalizer" daemon [_thread_blocked, id=3800, stack(0x0fb90000,0x0fbe0000)]
  0x01a16000 JavaThread "Reference Handler" daemon [_thread_blocked, id=1868, stack(0x0fb40000,0x0fb90000)]

Other Threads:
  0x01a11c00 VMThread [stack: 0x0faf0000,0x0fb40000] [id=1664]
  0x01a58000 WatcherThread [stack: 0x0fd20000,0x0fd70000] [id=2184]

VM state:not at safepoint (normal execution)

VM Mutex/Monitor currently owned by a thread: None

Heap
 def new generation   total 9088K, used 5187K [0x03a80000, 0x04450000, 0x04450000)
  eden space 8128K,  52% used [0x03a80000, 0x03ea0f70, 0x04270000)
  from space 960K, 100% used [0x04270000, 0x04360000, 0x04360000)
  to   space 960K,   0% used [0x04360000, 0x04360000, 0x04450000)
 tenured generation   total 121024K, used 4755K [0x04450000, 0x0ba80000, 0x0ba80000)
   the space 121024K,   3% used [0x04450000, 0x048f4c08, 0x048f4e00, 0x0ba80000)
 compacting perm gen  total 12288K, used 11842K [0x0ba80000, 0x0c680000, 0x0fa80000)
   the space 12288K,  96% used [0x0ba80000, 0x0c610a98, 0x0c610c00, 0x0c680000)
No shared spaces configured.

Dynamic libraries:
0x00400000 - 0x00424000 	D:\arduino-1.0.5-r2\java\bin\javaw.exe
0x77d60000 - 0x77ea2000 	C:\Windows\SYSTEM32\ntdll.dll
0x76b20000 - 0x76bf5000 	C:\Windows\system32\kernel32.dll
0x75d40000 - 0x75d8b000 	C:\Windows\system32\KERNELBASE.dll
0x77cb0000 - 0x77d51000 	C:\Windows\system32\ADVAPI32.dll
0x764f0000 - 0x7659c000 	C:\Windows\system32\msvcrt.dll
0x75ff0000 - 0x76009000 	C:\Windows\SYSTEM32\sechost.dll
0x779c0000 - 0x77a62000 	C:\Windows\system32\RPCRT4.dll
0x76c00000 - 0x76cc9000 	C:\Windows\system32\USER32.dll
0x77eb0000 - 0x77efe000 	C:\Windows\system32\GDI32.dll
0x76930000 - 0x7693a000 	C:\Windows\system32\LPK.dll
0x76950000 - 0x769ed000 	C:\Windows\system32\USP10.dll
0x77f00000 - 0x77f1f000 	C:\Windows\system32\IMM32.DLL
0x769f0000 - 0x76abc000 	C:\Windows\system32\MSCTF.dll
0x7c340000 - 0x7c396000 	D:\arduino-1.0.5-r2\java\bin\msvcr71.dll
0x6d8b0000 - 0x6db3b000 	D:\arduino-1.0.5-r2\java\bin\client\jvm.dll
0x6e7d0000 - 0x6e802000 	C:\Windows\system32\WINMM.dll
0x75b90000 - 0x75bdc000 	C:\Windows\system32\apphelp.dll
0x6d860000 - 0x6d86c000 	D:\arduino-1.0.5-r2\java\bin\verify.dll
0x6d3e0000 - 0x6d3ff000 	D:\arduino-1.0.5-r2\java\bin\java.dll
0x6d340000 - 0x6d348000 	D:\arduino-1.0.5-r2\java\bin\hpi.dll
0x765f0000 - 0x765f5000 	C:\Windows\system32\PSAPI.DLL
0x6d8a0000 - 0x6d8af000 	D:\arduino-1.0.5-r2\java\bin\zip.dll
0x75700000 - 0x75717000 	C:\Windows\system32\CRYPTSP.dll
0x75490000 - 0x754cb000 	C:\Windows\system32\rsaenh.dll
0x75d20000 - 0x75d37000 	C:\Windows\system32\USERENV.dll
0x75cd0000 - 0x75cdb000 	C:\Windows\system32\profapi.dll
0x75be0000 - 0x75bec000 	C:\Windows\system32\CRYPTBASE.dll
0x6d6c0000 - 0x6d6d3000 	D:\arduino-1.0.5-r2\java\bin\net.dll
0x76d30000 - 0x76d65000 	C:\Windows\system32\WS2_32.dll
0x76310000 - 0x76316000 	C:\Windows\system32\NSI.dll
0x756c0000 - 0x756fc000 	C:\Windows\system32\mswsock.dll
0x756b0000 - 0x756b6000 	C:\Windows\System32\wship6.dll
0x731e0000 - 0x731f0000 	C:\Windows\system32\NLAapi.dll
0x6ed90000 - 0x6eda0000 	C:\Windows\system32\napinsp.dll
0x6ed70000 - 0x6ed82000 	C:\Windows\system32\pnrpnsp.dll
0x75580000 - 0x755c4000 	C:\Windows\system32\DNSAPI.dll
0x6ed60000 - 0x6ed68000 	C:\Windows\System32\winrnr.dll
0x16080000 - 0x16099000 	C:\Program Files\Bonjour\mdnsNSP.dll
0x72e50000 - 0x72e6c000 	C:\Windows\system32\Iphlpapi.DLL
0x72e40000 - 0x72e47000 	C:\Windows\system32\WINNSI.DLL
0x751e0000 - 0x751e5000 	C:\Windows\System32\wshtcpip.dll
0x6fdf0000 - 0x6fdf6000 	C:\Windows\system32\rasadhlp.dll
0x72d30000 - 0x72d68000 	C:\Windows\System32\fwpuclnt.dll
0x10030000 - 0x1007c000 	C:\Users\User\AppData\Local\Temp\jna4408159625960115855.tmp
0x6d0b0000 - 0x6d1fa000 	D:\arduino-1.0.5-r2\java\bin\awt.dll
0x6f150000 - 0x6f1a1000 	C:\Windows\system32\WINSPOOL.DRV
0x76010000 - 0x7616d000 	C:\Windows\system32\ole32.dll
0x74a90000 - 0x74c2e000 	C:\Windows\WinSxS\x86_microsoft.windows.common-controls_6595b64144ccf1df_6.0.7601.18837_none_41e855142bd5705d\comctl32.dll
0x76cd0000 - 0x76d27000 	C:\Windows\system32\SHLWAPI.dll
0x745d0000 - 0x745e3000 	C:\Windows\system32\DWMAPI.DLL
0x74910000 - 0x74950000 	C:\Windows\system32\uxtheme.dll
0x76d70000 - 0x779bb000 	C:\Windows\system32\shell32.dll
0x6d2e0000 - 0x6d334000 	D:\arduino-1.0.5-r2\java\bin\fontmanager.dll
0x6d6e0000 - 0x6d6e9000 	D:\arduino-1.0.5-r2\java\bin\nio.dll
0x77f20000 - 0x77fa3000 	C:\Windows\system32\CLBCatQ.DLL
0x76630000 - 0x766c1000 	C:\Windows\system32\OLEAUT32.dll
0x11540000 - 0x11552000 	D:\arduino-1.0.5-r2\rxtxSerial.dll
0x6c240000 - 0x6c267000 	C:\Windows\system32\crtdll.dll

VM Arguments:
jvm_args: -Xms128m -Xmx128m 
java_command: processing.app.Base
Launcher Type: SUN_STANDARD

Environment Variables:
PATH=C:\Windows\system32;C:\Windows;C:\Windows\System32\Wbem;C:\Windows\System32\WindowsPowerShell\v1.0\;C:\Program Files\Mitov\Visuino;C:\Program Files\Common Files\Nero\Lib\;D:\arduino-1.0.5-r2\java\bin
USERNAME=User
OS=Windows_NT
PROCESSOR_IDENTIFIER=x86 Family 6 Model 37 Stepping 5, GenuineIntel



---------------  S Y S T E M  ---------------

OS: Windows 7 Build 7601 Service Pack 1

CPU:total 4 (8 cores per cpu, 2 threads per core) family 6 model 37 stepping 5, cmov, cx8, fxsr, mmx, sse, sse2, sse3, ssse3, sse4.1, sse4.2, ht

Memory: 4k page, physical 1953320k(1369288k free), swap 3906640k(2589836k free)

vm_info: Java HotSpot(TM) Client VM (14.2-b01) for windows-x86 JRE (1.6.0_16-b01), built on Jul 31 2009 11:26:58 by "java_re" with MS VC++ 7.1

time: Sat Dec 10 03:54:55 2016
elapsed time: 1053 seconds

