#
# A fatal error has been detected by the Java Runtime Environment:
#
#  EXCEPTION_ACCESS_VIOLATION (0xc0000005) at pc=0x10005f80, pid=4892, tid=4692
#
# JRE version: 6.0_16-b01
# Java VM: Java HotSpot(TM) Client VM (14.2-b01 mixed mode windows-x86 )
# Problematic frame:
# C  0x10005f80
#
# If you would like to submit a bug report, please visit:
#   http://java.sun.com/webapps/bugreport/crash.jsp
# The crash happened outside the Java Virtual Machine in native code.
# See problematic frame for where to report the bug.
#

---------------  T H R E A D  ---------------

Current thread (0x0195b400):  JavaThread "Finalizer" daemon [_thread_in_native, id=4692, stack(0x0fba0000,0x0fbf0000)]

siginfo: ExceptionCode=0xc0000005, reading address 0x10005f80

Registers:
EAX=0x10005f80, EBX=0x0bd41450, ECX=0x0195b510, EDX=0x0bda0898
ESP=0x0fbef62c, EBP=0x0fbef660, ESI=0x0bd41450, EDI=0x0195b400
EIP=0x10005f80, EFLAGS=0x00010283

Top of Stack: (sp=0x0fbef62c)
0x0fbef62c:   01a59e37 0195b510 0fbef668 1021dee8
0x0fbef63c:   00000000 0fbef640 00000000 0fbef674
0x0fbef64c:   0bda0898 00000000 0bd41450 00000000
0x0fbef65c:   0fbef670 0fbef698 01a52da1 0bd417a0
0x0fbef66c:   01a58269 1021dee8 00000000 0fbef678
0x0fbef67c:   0bd3f5fd 0fbef6a0 0bda0898 00000000
0x0fbef68c:   0bd3f620 0fbef670 0fbef6a0 0fbef6b4
0x0fbef69c:   01a502cb 0442df30 00001f80 01a50266 

Instructions: (pc=0x10005f80)
0x10005f70:   
[error occurred during error reporting (printing registers, top of stack, instructions near pc), id 0xc0000005]

Stack: [0x0fba0000,0x0fbf0000],  sp=0x0fbef62c,  free space=317k
Native frames: (J=compiled Java code, j=interpreted, Vv=VM code, C=native code)
C  0x10005f80
j  com.sun.jna.Memory.finalize()V+13
v  ~StubRoutines::call_stub
V  [jvm.dll+0xecf9c]
V  [jvm.dll+0x1741e1]
V  [jvm.dll+0xed01d]
V  [jvm.dll+0xf5e2f]
V  [jvm.dll+0xf8b24]
C  [java.dll+0x2115]
j  java.lang.ref.Finalizer.runFinalizer()V+45
j  java.lang.ref.Finalizer.access$100(Ljava/lang/ref/Finalizer;)V+1
j  java.lang.ref.Finalizer$FinalizerThread.run()V+11
v  ~StubRoutines::call_stub
V  [jvm.dll+0xecf9c]
V  [jvm.dll+0x1741e1]
V  [jvm.dll+0xed167]
V  [jvm.dll+0xed1dd]
V  [jvm.dll+0x116290]
V  [jvm.dll+0x1d0424]
V  [jvm.dll+0x173e5c]
C  [msvcr71.dll+0x9565]
C  [kernel32.dll+0x4ef8c]
C  [ntdll.dll+0x6367a]
C  [ntdll.dll+0x6364d]

Java frames: (J=compiled Java code, j=interpreted, Vv=VM code)
j  com.sun.jna.Memory.free(J)V+0
j  com.sun.jna.Memory.finalize()V+13
v  ~StubRoutines::call_stub
j  java.lang.ref.Finalizer.invokeFinalizeMethod(Ljava/lang/Object;)V+0
j  java.lang.ref.Finalizer.runFinalizer()V+45
j  java.lang.ref.Finalizer.access$100(Ljava/lang/ref/Finalizer;)V+1
j  java.lang.ref.Finalizer$FinalizerThread.run()V+11
v  ~StubRoutines::call_stub

---------------  P R O C E S S  ---------------

Java Threads: ( => current thread )
  0x12133800 JavaThread "Thread-2" daemon [_thread_in_native, id=4576, stack(0x10940000,0x10990000)]
  0x01a49000 JavaThread "DestroyJavaVM" [_thread_blocked, id=4868, stack(0x00260000,0x002b0000)]
  0x0199f000 JavaThread "TimerQueue" daemon [_thread_blocked, id=1628, stack(0x127a0000,0x127f0000)]
  0x0fea7c00 JavaThread "AWT-EventQueue-0" [_thread_blocked, id=5236, stack(0x105d0000,0x10620000)]
  0x0fea7800 JavaThread "AWT-Shutdown" [_thread_blocked, id=888, stack(0x10580000,0x105d0000)]
  0x0fe84800 JavaThread "AWT-Windows" daemon [_thread_in_native, id=4488, stack(0x10530000,0x10580000)]
  0x0fe46800 JavaThread "Java2D Disposer" daemon [_thread_blocked, id=5012, stack(0x10480000,0x104d0000)]
  0x01997c00 JavaThread "Low Memory Detector" daemon [_thread_blocked, id=4984, stack(0x0fce0000,0x0fd30000)]
  0x01995c00 JavaThread "CompilerThread0" daemon [_thread_blocked, id=4864, stack(0x0fc90000,0x0fce0000)]
  0x01992400 JavaThread "Attach Listener" daemon [_thread_blocked, id=4700, stack(0x0fc40000,0x0fc90000)]
  0x01987c00 JavaThread "Signal Dispatcher" daemon [_thread_blocked, id=4696, stack(0x0fbf0000,0x0fc40000)]
=>0x0195b400 JavaThread "Finalizer" daemon [_thread_in_native, id=4692, stack(0x0fba0000,0x0fbf0000)]
  0x01956800 JavaThread "Reference Handler" daemon [_thread_blocked, id=4872, stack(0x0fb50000,0x0fba0000)]

Other Threads:
  0x01952c00 VMThread [stack: 0x0fb00000,0x0fb50000] [id=4988]
  0x019a1800 WatcherThread [stack: 0x0fd30000,0x0fd80000] [id=4968]

VM state:not at safepoint (normal execution)

VM Mutex/Monitor currently owned by a thread: None

Heap
 def new generation   total 9088K, used 402K [0x03a50000, 0x04420000, 0x04420000)
  eden space 8128K,   4% used [0x03a50000, 0x03ab49a0, 0x04240000)
  from space 960K,   0% used [0x04330000, 0x04330000, 0x04420000)
  to   space 960K,   0% used [0x04240000, 0x04240000, 0x04330000)
 tenured generation   total 121024K, used 15195K [0x04420000, 0x0ba50000, 0x0ba50000)
   the space 121024K,  12% used [0x04420000, 0x052f6e70, 0x052f7000, 0x0ba50000)
 compacting perm gen  total 12288K, used 11786K [0x0ba50000, 0x0c650000, 0x0fa50000)
   the space 12288K,  95% used [0x0ba50000, 0x0c5d2b28, 0x0c5d2c00, 0x0c650000)
No shared spaces configured.

Dynamic libraries:
0x00400000 - 0x00424000 	D:\ARDUINO DATA\arduino-1.0.5-r2\java\bin\javaw.exe
0x77a20000 - 0x77b62000 	C:\Windows\SYSTEM32\ntdll.dll
0x77260000 - 0x77335000 	C:\Windows\system32\kernel32.dll
0x75bd0000 - 0x75c1b000 	C:\Windows\system32\KERNELBASE.dll
0x77680000 - 0x77721000 	C:\Windows\system32\ADVAPI32.dll
0x77490000 - 0x7753c000 	C:\Windows\system32\msvcrt.dll
0x76ad0000 - 0x76ae9000 	C:\Windows\SYSTEM32\sechost.dll
0x775d0000 - 0x77672000 	C:\Windows\system32\RPCRT4.dll
0x77120000 - 0x771e9000 	C:\Windows\system32\USER32.dll
0x773a0000 - 0x773ee000 	C:\Windows\system32\GDI32.dll
0x771f0000 - 0x771fa000 	C:\Windows\system32\LPK.dll
0x773f0000 - 0x7748d000 	C:\Windows\system32\USP10.dll
0x75d00000 - 0x75d1f000 	C:\Windows\system32\IMM32.DLL
0x76df0000 - 0x76ebd000 	C:\Windows\system32\MSCTF.dll
0x7c340000 - 0x7c396000 	D:\ARDUINO DATA\arduino-1.0.5-r2\java\bin\msvcr71.dll
0x6d8b0000 - 0x6db3b000 	D:\ARDUINO DATA\arduino-1.0.5-r2\java\bin\client\jvm.dll
0x704f0000 - 0x70522000 	C:\Windows\system32\WINMM.dll
0x75800000 - 0x7584c000 	C:\Windows\system32\apphelp.dll
0x6d860000 - 0x6d86c000 	D:\ARDUINO DATA\arduino-1.0.5-r2\java\bin\verify.dll
0x6d3e0000 - 0x6d3ff000 	D:\ARDUINO DATA\arduino-1.0.5-r2\java\bin\java.dll
0x6d340000 - 0x6d348000 	D:\ARDUINO DATA\arduino-1.0.5-r2\java\bin\hpi.dll
0x77100000 - 0x77105000 	C:\Windows\system32\PSAPI.DLL
0x6d8a0000 - 0x6d8af000 	D:\ARDUINO DATA\arduino-1.0.5-r2\java\bin\zip.dll
0x75360000 - 0x75377000 	C:\Windows\system32\CRYPTSP.dll
0x750f0000 - 0x7512b000 	C:\Windows\system32\rsaenh.dll
0x75950000 - 0x75967000 	C:\Windows\system32\USERENV.dll
0x75930000 - 0x7593b000 	C:\Windows\system32\profapi.dll
0x75850000 - 0x7585c000 	C:\Windows\system32\CRYPTBASE.dll
0x6d6c0000 - 0x6d6d3000 	D:\ARDUINO DATA\arduino-1.0.5-r2\java\bin\net.dll
0x77b80000 - 0x77bb5000 	C:\Windows\system32\WS2_32.dll
0x77110000 - 0x77116000 	C:\Windows\system32\NSI.dll
0x75320000 - 0x7535c000 	C:\Windows\system32\mswsock.dll
0x75310000 - 0x75316000 	C:\Windows\System32\wship6.dll
0x727d0000 - 0x727e0000 	C:\Windows\system32\NLAapi.dll
0x6f020000 - 0x6f030000 	C:\Windows\system32\napinsp.dll
0x6f000000 - 0x6f012000 	C:\Windows\system32\pnrpnsp.dll
0x751e0000 - 0x75224000 	C:\Windows\system32\DNSAPI.dll
0x6eff0000 - 0x6eff8000 	C:\Windows\System32\winrnr.dll
0x16080000 - 0x16099000 	C:\Program Files\Bonjour\mdnsNSP.dll
0x72580000 - 0x7259c000 	C:\Windows\system32\Iphlpapi.DLL
0x72550000 - 0x72557000 	C:\Windows\system32\WINNSI.DLL
0x63560000 - 0x63568000 	C:\Program Files\National Instruments\Shared\mDNS Responder\nimdnsNSP.dll
0x63550000 - 0x6355b000 	C:\Windows\system32\nimdnsResponder.dll
0x70400000 - 0x704a3000 	C:\Windows\WinSxS\x86_microsoft.vc90.crt_1fc8b3b9a1e18e3b_9.0.30729.6161_none_50934f2ebcb7eb57\MSVCR90.dll
0x74e40000 - 0x74e45000 	C:\Windows\System32\wshtcpip.dll
0x703f0000 - 0x703f6000 	C:\Windows\system32\rasadhlp.dll
0x72380000 - 0x723b8000 	C:\Windows\System32\fwpuclnt.dll
0x6d0b0000 - 0x6d1fa000 	D:\ARDUINO DATA\arduino-1.0.5-r2\java\bin\awt.dll
0x702b0000 - 0x70301000 	C:\Windows\system32\WINSPOOL.DRV
0x75d20000 - 0x75e7d000 	C:\Windows\system32\ole32.dll
0x746f0000 - 0x7488e000 	C:\Windows\WinSxS\x86_microsoft.windows.common-controls_6595b64144ccf1df_6.0.7601.18837_none_41e855142bd5705d\comctl32.dll
0x77340000 - 0x77397000 	C:\Windows\system32\SHLWAPI.dll
0x74230000 - 0x74243000 	C:\Windows\system32\DWMAPI.DLL
0x74570000 - 0x745b0000 	C:\Windows\system32\uxtheme.dll
0x0ffd0000 - 0x0ffe7000 	C:\Program Files\Smadav\SmadHook32.dll
0x74ec0000 - 0x74ec9000 	C:\Windows\system32\VERSION.dll
0x75e80000 - 0x76acb000 	C:\Windows\system32\shell32.dll
0x6d2e0000 - 0x6d334000 	D:\ARDUINO DATA\arduino-1.0.5-r2\java\bin\fontmanager.dll
0x6d6e0000 - 0x6d6e9000 	D:\ARDUINO DATA\arduino-1.0.5-r2\java\bin\nio.dll
0x75c60000 - 0x75cf1000 	C:\Windows\system32\OLEAUT32.DLL
0x77540000 - 0x775c3000 	C:\Windows\system32\CLBCatQ.DLL
0x109f0000 - 0x10a02000 	D:\ARDUINO DATA\arduino-1.0.5-r2\rxtxSerial.dll
0x6c240000 - 0x6c267000 	C:\Windows\system32\crtdll.dll
0x758c0000 - 0x758ce000 	C:\Windows\system32\RpcRtRemote.dll

VM Arguments:
jvm_args: -Xms128m -Xmx128m 
java_command: processing.app.Base D:\mtz\s3_plot\s3_plot.ino
Launcher Type: SUN_STANDARD

Environment Variables:
PATH=C:\ProgramData\Oracle\Java\javapath;C:\Windows\system32;C:\Windows;C:\Windows\System32\Wbem;C:\Windows\System32\WindowsPowerShell\v1.0\;C:\Program Files\Mitov\Visuino;D:\ARDUINO DATA\arduino-1.0.5-r2\java\bin
USERNAME=User
OS=Windows_NT
PROCESSOR_IDENTIFIER=x86 Family 6 Model 37 Stepping 5, GenuineIntel



---------------  S Y S T E M  ---------------

OS: Windows 7 Build 7601 Service Pack 1

CPU:total 4 (8 cores per cpu, 2 threads per core) family 6 model 37 stepping 5, cmov, cx8, fxsr, mmx, sse, sse2, sse3, ssse3, sse4.1, sse4.2, ht

Memory: 4k page, physical 1953320k(841792k free), swap 3906640k(1834164k free)

vm_info: Java HotSpot(TM) Client VM (14.2-b01) for windows-x86 JRE (1.6.0_16-b01), built on Jul 31 2009 11:26:58 by "java_re" with MS VC++ 7.1

time: Tue May 16 12:08:56 2017
elapsed time: 6239 seconds

