#
# A fatal error has been detected by the Java Runtime Environment:
#
#  EXCEPTION_ACCESS_VIOLATION (0xc0000005) at pc=0x6f697461, pid=5408, tid=6000
#
# JRE version: 6.0_16-b01
# Java VM: Java HotSpot(TM) Client VM (14.2-b01 mixed mode windows-x86 )
# Problematic frame:
# C  0x6f697461
#
# If you would like to submit a bug report, please visit:
#   http://java.sun.com/webapps/bugreport/crash.jsp
# The crash happened outside the Java Virtual Machine in native code.
# See problematic frame for where to report the bug.
#

---------------  T H R E A D  ---------------

Current thread (0x0ff58800):  JavaThread "Thread-5" [_thread_in_native, id=6000, stack(0x108f0000,0x10940000)]

siginfo: ExceptionCode=0xc0000005, reading address 0x6f697461

Registers:
EAX=0x6120726f, EBX=0x6d9a6550, ECX=0x75917632, EDX=0x6120726f
ESP=0x1093f600, EBP=0x63696c70, ESI=0x0c515ec0, EDI=0x0ff58800
EIP=0x6f697461, EFLAGS=0x00010216

Top of Stack: (sp=0x1093f600)
0x1093f600:   6572206e 73657571 0a0d2e74 0000000a
0x1093f610:   1093f550 7780542c 775325f6 000004bc
0x1093f620:   000004ac 00000000 7780509c 75916be2
0x1093f630:   000004ac 00000000 1093f658 77532634
0x1093f640:   000004ac 0ff58800 0c515ec0 6d9a6550
0x1093f650:   00000000 00000004 1093f8d8 116c5169
0x1093f660:   000004bc 1093f8d4 0c516240 00000000
0x1093f670:   1093f680 1093f6a8 01b402cb 03f299b0 

Instructions: (pc=0x6f697461)
0x6f697451:   
[error occurred during error reporting (printing registers, top of stack, instructions near pc), id 0xc0000005]

Stack: [0x108f0000,0x10940000],  sp=0x1093f600,  free space=317k
Native frames: (J=compiled Java code, j=interpreted, Vv=VM code, C=native code)
C  0x6f697461

[error occurred during error reporting (printing native stack), id 0xc0000005]

Java frames: (J=compiled Java code, j=interpreted, Vv=VM code)
j  gnu.io.RXTXPort.eventLoop()V+0
j  gnu.io.RXTXPort$MonitorThread.run()V+12
v  ~StubRoutines::call_stub

---------------  P R O C E S S  ---------------

Java Threads: ( => current thread )
=>0x0ff58800 JavaThread "Thread-5" [_thread_in_native, id=6000, stack(0x108f0000,0x10940000)]
  0x01939000 JavaThread "DestroyJavaVM" [_thread_blocked, id=2632, stack(0x00160000,0x001b0000)]
  0x0fdcd400 JavaThread "TimerQueue" daemon [_thread_blocked, id=176, stack(0x11670000,0x116c0000)]
  0x0fdc7000 JavaThread "AWT-EventQueue-0" [_thread_blocked, id=3980, stack(0x10830000,0x10880000)]
  0x0fe85c00 JavaThread "AWT-Shutdown" [_thread_blocked, id=4864, stack(0x107e0000,0x10830000)]
  0x0fdcb400 JavaThread "AWT-Windows" daemon [_thread_in_native, id=2424, stack(0x102b0000,0x10300000)]
  0x0fda7000 JavaThread "Java2D Disposer" daemon [_thread_blocked, id=4084, stack(0x100c0000,0x10110000)]
  0x01b1c000 JavaThread "Low Memory Detector" daemon [_thread_blocked, id=232, stack(0x0fcd0000,0x0fd20000)]
  0x01b17400 JavaThread "CompilerThread0" daemon [_thread_blocked, id=1232, stack(0x0fc80000,0x0fcd0000)]
  0x01b16800 JavaThread "Attach Listener" daemon [_thread_blocked, id=5280, stack(0x0fc30000,0x0fc80000)]
  0x01b0ac00 JavaThread "Signal Dispatcher" daemon [_thread_blocked, id=456, stack(0x0fbe0000,0x0fc30000)]
  0x01adb400 JavaThread "Finalizer" daemon [_thread_blocked, id=4908, stack(0x0fb90000,0x0fbe0000)]
  0x01ad6c00 JavaThread "Reference Handler" daemon [_thread_blocked, id=2892, stack(0x0fb40000,0x0fb90000)]

Other Threads:
  0x01ad2c00 VMThread [stack: 0x018d0000,0x01920000] [id=1176]
  0x01b1d800 WatcherThread [stack: 0x0fd20000,0x0fd70000] [id=5364]

VM state:not at safepoint (normal execution)

VM Mutex/Monitor currently owned by a thread: None

Heap
 def new generation   total 9088K, used 7523K [0x03b40000, 0x04510000, 0x04510000)
  eden space 8128K,  87% used [0x03b40000, 0x0422e668, 0x04330000)
  from space 960K,  44% used [0x04420000, 0x0448a6d0, 0x04510000)
  to   space 960K,   0% used [0x04330000, 0x04330000, 0x04420000)
 tenured generation   total 121024K, used 5075K [0x04510000, 0x0bb40000, 0x0bb40000)
   the space 121024K,   4% used [0x04510000, 0x04a04e60, 0x04a05000, 0x0bb40000)
 compacting perm gen  total 12288K, used 12151K [0x0bb40000, 0x0c740000, 0x0fb40000)
   the space 12288K,  98% used [0x0bb40000, 0x0c71dee8, 0x0c71e000, 0x0c740000)
No shared spaces configured.

Dynamic libraries:
0x00400000 - 0x00424000 	D:\ARDUINO DATA\arduino-1.0.5-r2\java\bin\javaw.exe
0x777c0000 - 0x77902000 	C:\Windows\SYSTEM32\ntdll.dll
0x774a0000 - 0x77575000 	C:\Windows\system32\kernel32.dll
0x75910000 - 0x7595b000 	C:\Windows\system32\KERNELBASE.dll
0x77390000 - 0x77431000 	C:\Windows\system32\ADVAPI32.dll
0x76360000 - 0x7640c000 	C:\Windows\system32\msvcrt.dll
0x77370000 - 0x77389000 	C:\Windows\SYSTEM32\sechost.dll
0x77960000 - 0x77a02000 	C:\Windows\system32\RPCRT4.dll
0x772a0000 - 0x77369000 	C:\Windows\system32\USER32.dll
0x75f20000 - 0x75f6e000 	C:\Windows\system32\GDI32.dll
0x77950000 - 0x7795a000 	C:\Windows\system32\LPK.dll
0x75a30000 - 0x75acd000 	C:\Windows\system32\USP10.dll
0x77930000 - 0x7794f000 	C:\Windows\system32\IMM32.DLL
0x760d0000 - 0x7619d000 	C:\Windows\system32\MSCTF.dll
0x7c340000 - 0x7c396000 	D:\ARDUINO DATA\arduino-1.0.5-r2\java\bin\msvcr71.dll
0x6d8b0000 - 0x6db3b000 	D:\ARDUINO DATA\arduino-1.0.5-r2\java\bin\client\jvm.dll
0x6f7a0000 - 0x6f7d2000 	C:\Windows\system32\WINMM.dll
0x755a0000 - 0x755ec000 	C:\Windows\system32\apphelp.dll
0x6d860000 - 0x6d86c000 	D:\ARDUINO DATA\arduino-1.0.5-r2\java\bin\verify.dll
0x6d3e0000 - 0x6d3ff000 	D:\ARDUINO DATA\arduino-1.0.5-r2\java\bin\java.dll
0x6d340000 - 0x6d348000 	D:\ARDUINO DATA\arduino-1.0.5-r2\java\bin\hpi.dll
0x77910000 - 0x77915000 	C:\Windows\system32\PSAPI.DLL
0x6d8a0000 - 0x6d8af000 	D:\ARDUINO DATA\arduino-1.0.5-r2\java\bin\zip.dll
0x75110000 - 0x75127000 	C:\Windows\system32\CRYPTSP.dll
0x74e70000 - 0x74eab000 	C:\Windows\system32\rsaenh.dll
0x756f0000 - 0x75707000 	C:\Windows\system32\USERENV.dll
0x756e0000 - 0x756eb000 	C:\Windows\system32\profapi.dll
0x755f0000 - 0x755fc000 	C:\Windows\system32\CRYPTBASE.dll
0x6d6c0000 - 0x6d6d3000 	D:\ARDUINO DATA\arduino-1.0.5-r2\java\bin\net.dll
0x76320000 - 0x76355000 	C:\Windows\system32\WS2_32.dll
0x760c0000 - 0x760c6000 	C:\Windows\system32\NSI.dll
0x750d0000 - 0x7510c000 	C:\Windows\system32\mswsock.dll
0x750c0000 - 0x750c6000 	C:\Windows\System32\wship6.dll
0x73440000 - 0x73450000 	C:\Windows\system32\NLAapi.dll
0x6f790000 - 0x6f7a0000 	C:\Windows\system32\napinsp.dll
0x6f770000 - 0x6f782000 	C:\Windows\system32\pnrpnsp.dll
0x74f60000 - 0x74fa4000 	C:\Windows\system32\DNSAPI.dll
0x6f760000 - 0x6f768000 	C:\Windows\System32\winrnr.dll
0x16080000 - 0x16099000 	C:\Program Files\Bonjour\mdnsNSP.dll
0x73310000 - 0x7332c000 	C:\Windows\system32\Iphlpapi.DLL
0x732f0000 - 0x732f7000 	C:\Windows\system32\WINNSI.DLL
0x63560000 - 0x63568000 	C:\Program Files\National Instruments\Shared\mDNS Responder\nimdnsNSP.dll
0x63550000 - 0x6355b000 	C:\Windows\system32\nimdnsResponder.dll
0x71460000 - 0x71503000 	C:\Windows\WinSxS\x86_microsoft.vc90.crt_1fc8b3b9a1e18e3b_9.0.30729.6161_none_50934f2ebcb7eb57\MSVCR90.dll
0x74bf0000 - 0x74bf5000 	C:\Windows\System32\wshtcpip.dll
0x71450000 - 0x71456000 	C:\Windows\system32\rasadhlp.dll
0x73100000 - 0x73138000 	C:\Windows\System32\fwpuclnt.dll
0x10060000 - 0x100ac000 	C:\Users\User\AppData\Local\Temp\jna7938880747603615433.tmp
0x6d0b0000 - 0x6d1fa000 	D:\ARDUINO DATA\arduino-1.0.5-r2\java\bin\awt.dll
0x71310000 - 0x71361000 	C:\Windows\system32\WINSPOOL.DRV
0x77580000 - 0x776dd000 	C:\Windows\system32\ole32.dll
0x744a0000 - 0x7463e000 	C:\Windows\WinSxS\x86_microsoft.windows.common-controls_6595b64144ccf1df_6.0.7601.18837_none_41e855142bd5705d\comctl32.dll
0x776e0000 - 0x77737000 	C:\Windows\system32\SHLWAPI.dll
0x73fe0000 - 0x73ff3000 	C:\Windows\system32\DWMAPI.DLL
0x74320000 - 0x74360000 	C:\Windows\system32\uxtheme.dll
0x0ffa0000 - 0x0ffb7000 	C:\Program Files\Smadav\SmadHook32.dll
0x74c70000 - 0x74c79000 	C:\Windows\system32\VERSION.dll
0x76650000 - 0x7729b000 	C:\Windows\system32\shell32.dll
0x6d2e0000 - 0x6d334000 	D:\ARDUINO DATA\arduino-1.0.5-r2\java\bin\fontmanager.dll
0x6d6e0000 - 0x6d6e9000 	D:\ARDUINO DATA\arduino-1.0.5-r2\java\bin\nio.dll
0x76290000 - 0x76313000 	C:\Windows\system32\CLBCatQ.DLL
0x761a0000 - 0x76231000 	C:\Windows\system32\OLEAUT32.dll
0x116c0000 - 0x116d2000 	D:\ARDUINO DATA\arduino-1.0.5-r2\rxtxSerial.dll
0x6c240000 - 0x6c267000 	C:\Windows\system32\crtdll.dll

VM Arguments:
jvm_args: -Xms128m -Xmx128m 
java_command: processing.app.Base D:\ARDUINO DATA\ARDUINO PROJECT\hsu myat noe\final4\final4\final4\FINAL4\FINAL4.ino
Launcher Type: SUN_STANDARD

Environment Variables:
PATH=C:\ProgramData\Oracle\Java\javapath;C:\Windows\system32;C:\Windows;C:\Windows\System32\Wbem;C:\Windows\System32\WindowsPowerShell\v1.0\;C:\Program Files\Mitov\Visuino;D:\ARDUINO DATA\arduino-1.0.5-r2\java\bin
USERNAME=User
OS=Windows_NT
PROCESSOR_IDENTIFIER=x86 Family 6 Model 37 Stepping 5, GenuineIntel



---------------  S Y S T E M  ---------------

OS: Windows 7 Build 7601 Service Pack 1

CPU:total 4 (8 cores per cpu, 2 threads per core) family 6 model 37 stepping 5, cmov, cx8, fxsr, mmx, sse, sse2, sse3, ssse3, sse4.1, sse4.2, ht

Memory: 4k page, physical 1953320k(861828k free), swap 3906640k(1669800k free)

vm_info: Java HotSpot(TM) Client VM (14.2-b01) for windows-x86 JRE (1.6.0_16-b01), built on Jul 31 2009 11:26:58 by "java_re" with MS VC++ 7.1

time: Wed Apr 26 17:36:10 2017
elapsed time: 3045 seconds

