#
# A fatal error has been detected by the Java Runtime Environment:
#
#  EXCEPTION_ACCESS_VIOLATION (0xc0000005) at pc=0x6f697461, pid=2820, tid=3732
#
# JRE version: 6.0_16-b01
# Java VM: Java HotSpot(TM) Client VM (14.2-b01 mixed mode windows-x86 )
# Problematic frame:
# C  0x6f697461
#
# If you would like to submit a bug report, please visit:
#   http://java.sun.com/webapps/bugreport/crash.jsp
# The crash happened outside the Java Virtual Machine in native code.
# See problematic frame for where to report the bug.
#

---------------  T H R E A D  ---------------

Current thread (0x0fbb7000):  JavaThread "Thread-10" [_thread_in_native, id=3732, stack(0x11dc0000,0x11e10000)]

siginfo: ExceptionCode=0xc0000005, reading address 0x6f697461

Registers:
EAX=0x6120726f, EBX=0x6d9a6550, ECX=0x74df7662, EDX=0x6120726f
ESP=0x11e0f570, EBP=0x63696c70, ESI=0x0c038238, EDI=0x0fbb7000
EIP=0x6f697461, EFLAGS=0x00010216

Top of Stack: (sp=0x11e0f570)
0x11e0f570:   6572206e 73657571 0a0d2e74 1189000a
0x11e0f580:   00172460 11e0f6d8 001f0003 00000000
0x11e0f590:   11e0f4d0 76db5888 753d256a 00000484
0x11e0f5a0:   00000400 00000000 76db54f8 74df6be2
0x11e0f5b0:   00000400 00000000 11e0f5d8 753d25a8
0x11e0f5c0:   00000400 0fbb7000 0c038238 6d9a6550
0x11e0f5d0:   00000000 00000004 11e0f858 11895169
0x11e0f5e0:   00000484 11e0f854 11e0f650 6d99c946 

Instructions: (pc=0x6f697461)
0x6f697451:   
[error occurred during error reporting (printing registers, top of stack, instructions near pc), id 0xc0000005]

Stack: [0x11dc0000,0x11e10000],  sp=0x11e0f570,  free space=317k
Native frames: (J=compiled Java code, j=interpreted, Vv=VM code, C=native code)
C  0x6f697461

[error occurred during error reporting (printing native stack), id 0xc0000005]

Java frames: (J=compiled Java code, j=interpreted, Vv=VM code)
j  gnu.io.RXTXPort.eventLoop()V+0
j  gnu.io.RXTXPort$MonitorThread.run()V+12
v  ~StubRoutines::call_stub

---------------  P R O C E S S  ---------------

Java Threads: ( => current thread )
=>0x0fbb7000 JavaThread "Thread-10" [_thread_in_native, id=3732, stack(0x11dc0000,0x11e10000)]
  0x014fec00 JavaThread "DestroyJavaVM" [_thread_blocked, id=232, stack(0x01050000,0x010a0000)]
  0x0fba4400 JavaThread "TimerQueue" daemon [_thread_blocked, id=176, stack(0x11960000,0x119b0000)]
  0x0fadb800 JavaThread "AWT-EventQueue-0" [_thread_blocked, id=1160, stack(0x106c0000,0x10710000)]
  0x0fadb000 JavaThread "AWT-Shutdown" [_thread_blocked, id=3404, stack(0x10180000,0x101d0000)]
  0x0fa87800 JavaThread "AWT-Windows" daemon [_thread_in_native, id=2296, stack(0x10280000,0x102d0000)]
  0x0fa86c00 JavaThread "Java2D Disposer" daemon [_thread_blocked, id=2708, stack(0x0ff50000,0x0ffa0000)]
  0x015b6800 JavaThread "Low Memory Detector" daemon [_thread_blocked, id=3488, stack(0x0f920000,0x0f970000)]
  0x015b0400 JavaThread "CompilerThread0" daemon [_thread_blocked, id=1420, stack(0x0f8d0000,0x0f920000)]
  0x015af400 JavaThread "Attach Listener" daemon [_thread_blocked, id=2860, stack(0x0f880000,0x0f8d0000)]
  0x015a4c00 JavaThread "Signal Dispatcher" daemon [_thread_blocked, id=2152, stack(0x0f830000,0x0f880000)]
  0x0157a400 JavaThread "Finalizer" daemon [_thread_blocked, id=3304, stack(0x0f7e0000,0x0f830000)]
  0x01575800 JavaThread "Reference Handler" daemon [_thread_blocked, id=1564, stack(0x0f790000,0x0f7e0000)]

Other Threads:
  0x01571c00 VMThread [stack: 0x0f740000,0x0f790000] [id=944]
  0x015c9800 WatcherThread [stack: 0x0f970000,0x0f9c0000] [id=1540]

VM state:not at safepoint (normal execution)

VM Mutex/Monitor currently owned by a thread: None

Heap
 def new generation   total 9088K, used 6681K [0x03660000, 0x04030000, 0x04030000)
  eden space 8128K,  71% used [0x03660000, 0x03c0ce48, 0x03e50000)
  from space 960K,  90% used [0x03f40000, 0x040198e8, 0x04030000)
  to   space 960K,   0% used [0x03e50000, 0x03e50000, 0x03f40000)
 tenured generation   total 121024K, used 5126K [0x04030000, 0x0b660000, 0x0b660000)
   the space 121024K,   4% used [0x04030000, 0x04531a48, 0x04531c00, 0x0b660000)
 compacting perm gen  total 12288K, used 11865K [0x0b660000, 0x0c260000, 0x0f660000)
   the space 12288K,  96% used [0x0b660000, 0x0c1f65c8, 0x0c1f6600, 0x0c260000)
No shared spaces configured.

Dynamic libraries:
0x00400000 - 0x00424000 	D:\SOFTWARE\arduino-1.0.5-r2\java\bin\javaw.exe
0x76d70000 - 0x76eb2000 	C:\Windows\SYSTEM32\ntdll.dll
0x75340000 - 0x75415000 	C:\Windows\system32\kernel32.dll
0x74df0000 - 0x74e3b000 	C:\Windows\system32\KERNELBASE.dll
0x75ba0000 - 0x75c41000 	C:\Windows\system32\ADVAPI32.dll
0x75c50000 - 0x75cfc000 	C:\Windows\system32\msvcrt.dll
0x76ed0000 - 0x76ee9000 	C:\Windows\SYSTEM32\sechost.dll
0x75620000 - 0x756c2000 	C:\Windows\system32\RPCRT4.dll
0x75730000 - 0x757f9000 	C:\Windows\system32\USER32.dll
0x75f60000 - 0x75fae000 	C:\Windows\system32\GDI32.dll
0x75070000 - 0x7507a000 	C:\Windows\system32\LPK.dll
0x75580000 - 0x7561d000 	C:\Windows\system32\USP10.dll
0x75f40000 - 0x75f5f000 	C:\Windows\system32\IMM32.DLL
0x76ef0000 - 0x76fbc000 	C:\Windows\system32\MSCTF.dll
0x7c340000 - 0x7c396000 	D:\SOFTWARE\arduino-1.0.5-r2\java\bin\msvcr71.dll
0x6d8b0000 - 0x6db3b000 	D:\SOFTWARE\arduino-1.0.5-r2\java\bin\client\jvm.dll
0x67f70000 - 0x67fa2000 	C:\Windows\system32\WINMM.dll
0x74c10000 - 0x74c5c000 	C:\Windows\system32\apphelp.dll
0x6d860000 - 0x6d86c000 	D:\SOFTWARE\arduino-1.0.5-r2\java\bin\verify.dll
0x6d3e0000 - 0x6d3ff000 	D:\SOFTWARE\arduino-1.0.5-r2\java\bin\java.dll
0x6d340000 - 0x6d348000 	D:\SOFTWARE\arduino-1.0.5-r2\java\bin\hpi.dll
0x76ec0000 - 0x76ec5000 	C:\Windows\system32\PSAPI.DLL
0x6d8a0000 - 0x6d8af000 	D:\SOFTWARE\arduino-1.0.5-r2\java\bin\zip.dll
0x74780000 - 0x74797000 	C:\Windows\system32\CRYPTSP.dll
0x74520000 - 0x7455b000 	C:\Windows\system32\rsaenh.dll
0x74f80000 - 0x74f97000 	C:\Windows\system32\USERENV.dll
0x74d40000 - 0x74d4b000 	C:\Windows\system32\profapi.dll
0x74c60000 - 0x74c6c000 	C:\Windows\system32\CRYPTBASE.dll
0x6d6c0000 - 0x6d6d3000 	D:\SOFTWARE\arduino-1.0.5-r2\java\bin\net.dll
0x75280000 - 0x752b5000 	C:\Windows\system32\WS2_32.dll
0x75080000 - 0x75086000 	C:\Windows\system32\NSI.dll
0x74740000 - 0x7477c000 	C:\Windows\system32\mswsock.dll
0x74730000 - 0x74736000 	C:\Windows\System32\wship6.dll
0x720d0000 - 0x720e0000 	C:\Windows\system32\NLAapi.dll
0x68930000 - 0x68940000 	C:\Windows\system32\napinsp.dll
0x68910000 - 0x68922000 	C:\Windows\system32\pnrpnsp.dll
0x74600000 - 0x74644000 	C:\Windows\system32\DNSAPI.dll
0x68900000 - 0x68908000 	C:\Windows\System32\winrnr.dll
0x16080000 - 0x16099000 	C:\Program Files\Bonjour\mdnsNSP.dll
0x72060000 - 0x7207c000 	C:\Windows\system32\Iphlpapi.DLL
0x72050000 - 0x72057000 	C:\Windows\system32\WINNSI.DLL
0x74280000 - 0x74285000 	C:\Windows\System32\wshtcpip.dll
0x6fc90000 - 0x6fc96000 	C:\Windows\system32\rasadhlp.dll
0x71f30000 - 0x71f68000 	C:\Windows\System32\fwpuclnt.dll
0x0fc50000 - 0x0fc9c000 	C:\Users\user\AppData\Local\Temp\jna4797453480915144660.tmp
0x6d0b0000 - 0x6d1fa000 	D:\SOFTWARE\arduino-1.0.5-r2\java\bin\awt.dll
0x6fb50000 - 0x6fba1000 	C:\Windows\system32\WINSPOOL.DRV
0x75420000 - 0x7557c000 	C:\Windows\system32\ole32.dll
0x73c00000 - 0x73d9e000 	C:\Windows\WinSxS\x86_microsoft.windows.common-controls_6595b64144ccf1df_6.0.7601.18837_none_41e855142bd5705d\comctl32.dll
0x756d0000 - 0x75727000 	C:\Windows\system32\SHLWAPI.dll
0x73610000 - 0x73623000 	C:\Windows\system32\DWMAPI.DLL
0x73a80000 - 0x73ac0000 	C:\Windows\system32\uxtheme.dll
0x760c0000 - 0x76d0b000 	C:\Windows\system32\shell32.dll
0x6d2e0000 - 0x6d334000 	D:\SOFTWARE\arduino-1.0.5-r2\java\bin\fontmanager.dll
0x6d6e0000 - 0x6d6e9000 	D:\SOFTWARE\arduino-1.0.5-r2\java\bin\nio.dll
0x751f0000 - 0x75273000 	C:\Windows\system32\CLBCatQ.DLL
0x75fb0000 - 0x7603f000 	C:\Windows\system32\OLEAUT32.dll
0x11890000 - 0x118a2000 	D:\SOFTWARE\arduino-1.0.5-r2\rxtxSerial.dll
0x6c240000 - 0x6c267000 	C:\Windows\system32\crtdll.dll

VM Arguments:
jvm_args: -Xms128m -Xmx128m 
java_command: processing.app.Base
Launcher Type: SUN_STANDARD

Environment Variables:
PATH=C:\Windows\system32;C:\Windows;C:\Windows\System32\Wbem;C:\Windows\System32\WindowsPowerShell\v1.0\;D:\SOFTWARE\arduino-1.0.5-r2\java\bin
USERNAME=user
OS=Windows_NT
PROCESSOR_IDENTIFIER=x86 Family 6 Model 37 Stepping 5, GenuineIntel



---------------  S Y S T E M  ---------------

OS: Windows 7 Build 7601 Service Pack 1

CPU:total 4 (8 cores per cpu, 2 threads per core) family 6 model 37 stepping 5, cmov, cx8, fxsr, mmx, sse, sse2, sse3, ssse3, sse4.1, sse4.2, ht

Memory: 4k page, physical 1953136k(1035204k free), swap 3906272k(2732136k free)

vm_info: Java HotSpot(TM) Client VM (14.2-b01) for windows-x86 JRE (1.6.0_16-b01), built on Jul 31 2009 11:26:58 by "java_re" with MS VC++ 7.1

time: Sat Nov 25 17:55:04 2017
elapsed time: 5843 seconds

