#
# A fatal error has been detected by the Java Runtime Environment:
#
#  EXCEPTION_ACCESS_VIOLATION (0xc0000005) at pc=0x10015f80, pid=3904, tid=4872
#
# JRE version: 6.0_16-b01
# Java VM: Java HotSpot(TM) Client VM (14.2-b01 mixed mode windows-x86 )
# Problematic frame:
# C  0x10015f80
#
# If you would like to submit a bug report, please visit:
#   http://java.sun.com/webapps/bugreport/crash.jsp
# The crash happened outside the Java Virtual Machine in native code.
# See problematic frame for where to report the bug.
#

---------------  T H R E A D  ---------------

Current thread (0x0192b400):  JavaThread "Finalizer" daemon [_thread_in_native, id=4872, stack(0x0fb90000,0x0fbe0000)]

siginfo: ExceptionCode=0xc0000005, reading address 0x10015f80

Registers:
EAX=0x10015f80, EBX=0x0bd01450, ECX=0x0192b510, EDX=0x0bd608e8
ESP=0x0fbdf82c, EBP=0x0fbdf860, ESI=0x0bd01450, EDI=0x0192b400
EIP=0x10015f80, EFLAGS=0x00010283

Top of Stack: (sp=0x0fbdf82c)
0x0fbdf82c:   01999e37 0192b510 0fbdf868 102adf08
0x0fbdf83c:   00000000 0fbdf840 00000000 0fbdf874
0x0fbdf84c:   0bd608e8 00000000 0bd01450 00000000
0x0fbdf85c:   0fbdf870 0fbdf898 01992da1 0bd017a0
0x0fbdf86c:   01998269 102adf08 00000000 0fbdf878
0x0fbdf87c:   0bcff5fd 0fbdf8a0 0bd608e8 00000000
0x0fbdf88c:   0bcff620 0fbdf870 0fbdf8a0 0fbdf8b4
0x0fbdf89c:   019902cb 043f12b8 00001f80 01990266 

Instructions: (pc=0x10015f80)
0x10015f70:   
[error occurred during error reporting (printing registers, top of stack, instructions near pc), id 0xc0000005]

Stack: [0x0fb90000,0x0fbe0000],  sp=0x0fbdf82c,  free space=318k
Native frames: (J=compiled Java code, j=interpreted, Vv=VM code, C=native code)
C  0x10015f80
j  com.sun.jna.Memory.finalize()V+13
v  ~StubRoutines::call_stub
V  [jvm.dll+0xecf9c]
V  [jvm.dll+0x1741e1]
V  [jvm.dll+0xed01d]
V  [jvm.dll+0xf5e2f]
V  [jvm.dll+0xf8b24]
C  [java.dll+0x2115]
j  java.lang.ref.Finalizer.runFinalizer()V+45
j  java.lang.ref.Finalizer.access$100(Ljava/lang/ref/Finalizer;)V+1
j  java.lang.ref.Finalizer$FinalizerThread.run()V+11
v  ~StubRoutines::call_stub
V  [jvm.dll+0xecf9c]
V  [jvm.dll+0x1741e1]
V  [jvm.dll+0xed167]
V  [jvm.dll+0xed1dd]
V  [jvm.dll+0x116290]
V  [jvm.dll+0x1d0424]
V  [jvm.dll+0x173e5c]
C  [msvcr71.dll+0x9565]
C  [kernel32.dll+0x4ef8c]
C  [ntdll.dll+0x6367a]
C  [ntdll.dll+0x6364d]

Java frames: (J=compiled Java code, j=interpreted, Vv=VM code)
j  com.sun.jna.Memory.free(J)V+0
j  com.sun.jna.Memory.finalize()V+13
v  ~StubRoutines::call_stub
j  java.lang.ref.Finalizer.invokeFinalizeMethod(Ljava/lang/Object;)V+0
j  java.lang.ref.Finalizer.runFinalizer()V+45
j  java.lang.ref.Finalizer.access$100(Ljava/lang/ref/Finalizer;)V+1
j  java.lang.ref.Finalizer$FinalizerThread.run()V+11
v  ~StubRoutines::call_stub

---------------  P R O C E S S  ---------------

Java Threads: ( => current thread )
  0x002b9000 JavaThread "DestroyJavaVM" [_thread_blocked, id=5644, stack(0x003b0000,0x00400000)]
  0x12188000 JavaThread "TimerQueue" daemon [_thread_blocked, id=2144, stack(0x11670000,0x116c0000)]
  0x0fea2000 JavaThread "AWT-EventQueue-0" [_thread_blocked, id=5460, stack(0x10a40000,0x10a90000)]
  0x0fe86000 JavaThread "AWT-Shutdown" [_thread_blocked, id=4204, stack(0x109f0000,0x10a40000)]
  0x0fdb0c00 JavaThread "Java2D Disposer" daemon [_thread_blocked, id=6120, stack(0x10150000,0x101a0000)]
  0x01966800 JavaThread "Low Memory Detector" daemon [_thread_blocked, id=4768, stack(0x0fcd0000,0x0fd20000)]
  0x01965800 JavaThread "CompilerThread0" daemon [_thread_blocked, id=5016, stack(0x0fc80000,0x0fcd0000)]
  0x01964800 JavaThread "Attach Listener" daemon [_thread_blocked, id=3612, stack(0x0fc30000,0x0fc80000)]
  0x01958c00 JavaThread "Signal Dispatcher" daemon [_thread_blocked, id=5452, stack(0x0fbe0000,0x0fc30000)]
=>0x0192b400 JavaThread "Finalizer" daemon [_thread_in_native, id=4872, stack(0x0fb90000,0x0fbe0000)]
  0x01926c00 JavaThread "Reference Handler" daemon [_thread_blocked, id=5576, stack(0x0fb40000,0x0fb90000)]

Other Threads:
  0x01922c00 VMThread [stack: 0x0faf0000,0x0fb40000] [id=5392]
  0x01970400 WatcherThread [stack: 0x0fd20000,0x0fd70000] [id=6076]

VM state:not at safepoint (normal execution)

VM Mutex/Monitor currently owned by a thread: None

Heap
 def new generation   total 9088K, used 343K [0x03a10000, 0x043e0000, 0x043e0000)
  eden space 8128K,   4% used [0x03a10000, 0x03a65c90, 0x04200000)
  from space 960K,   0% used [0x04200000, 0x04200000, 0x042f0000)
  to   space 960K,   0% used [0x042f0000, 0x042f0000, 0x043e0000)
 tenured generation   total 121024K, used 9562K [0x043e0000, 0x0ba10000, 0x0ba10000)
   the space 121024K,   7% used [0x043e0000, 0x04d369a8, 0x04d36a00, 0x0ba10000)
 compacting perm gen  total 12288K, used 11718K [0x0ba10000, 0x0c610000, 0x0fa10000)
   the space 12288K,  95% used [0x0ba10000, 0x0c5819e0, 0x0c581a00, 0x0c610000)
No shared spaces configured.

Dynamic libraries:
0x00400000 - 0x00424000 	D:\ARDUINO DATA\arduino-1.0.5-r2\java\bin\javaw.exe
0x76dc0000 - 0x76f02000 	C:\Windows\SYSTEM32\ntdll.dll
0x76930000 - 0x76a05000 	C:\Windows\system32\kernel32.dll
0x74ee0000 - 0x74f2b000 	C:\Windows\system32\KERNELBASE.dll
0x75480000 - 0x75521000 	C:\Windows\system32\ADVAPI32.dll
0x76a40000 - 0x76aec000 	C:\Windows\system32\msvcrt.dll
0x76f10000 - 0x76f29000 	C:\Windows\SYSTEM32\sechost.dll
0x75890000 - 0x75932000 	C:\Windows\system32\RPCRT4.dll
0x76860000 - 0x76929000 	C:\Windows\system32\USER32.dll
0x75540000 - 0x7558e000 	C:\Windows\system32\GDI32.dll
0x75940000 - 0x7594a000 	C:\Windows\system32\LPK.dll
0x76c80000 - 0x76d1d000 	C:\Windows\system32\USP10.dll
0x75240000 - 0x7525f000 	C:\Windows\system32\IMM32.DLL
0x76b50000 - 0x76c1d000 	C:\Windows\system32\MSCTF.dll
0x7c340000 - 0x7c396000 	D:\ARDUINO DATA\arduino-1.0.5-r2\java\bin\msvcr71.dll
0x6d8b0000 - 0x6db3b000 	D:\ARDUINO DATA\arduino-1.0.5-r2\java\bin\client\jvm.dll
0x6f0a0000 - 0x6f0d2000 	C:\Windows\system32\WINMM.dll
0x74ba0000 - 0x74bec000 	C:\Windows\system32\apphelp.dll
0x6d860000 - 0x6d86c000 	D:\ARDUINO DATA\arduino-1.0.5-r2\java\bin\verify.dll
0x6d3e0000 - 0x6d3ff000 	D:\ARDUINO DATA\arduino-1.0.5-r2\java\bin\java.dll
0x6d340000 - 0x6d348000 	D:\ARDUINO DATA\arduino-1.0.5-r2\java\bin\hpi.dll
0x75530000 - 0x75535000 	C:\Windows\system32\PSAPI.DLL
0x6d8a0000 - 0x6d8af000 	D:\ARDUINO DATA\arduino-1.0.5-r2\java\bin\zip.dll
0x74700000 - 0x74717000 	C:\Windows\system32\CRYPTSP.dll
0x74490000 - 0x744cb000 	C:\Windows\system32\rsaenh.dll
0x74e90000 - 0x74ea7000 	C:\Windows\system32\USERENV.dll
0x74ce0000 - 0x74ceb000 	C:\Windows\system32\profapi.dll
0x74bf0000 - 0x74bfc000 	C:\Windows\system32\CRYPTBASE.dll
0x6d6c0000 - 0x6d6d3000 	D:\ARDUINO DATA\arduino-1.0.5-r2\java\bin\net.dll
0x752f0000 - 0x75325000 	C:\Windows\system32\WS2_32.dll
0x76850000 - 0x76856000 	C:\Windows\system32\NSI.dll
0x746c0000 - 0x746fc000 	C:\Windows\system32\mswsock.dll
0x746b0000 - 0x746b6000 	C:\Windows\System32\wship6.dll
0x71d10000 - 0x71d20000 	C:\Windows\system32\NLAapi.dll
0x6e7a0000 - 0x6e7b0000 	C:\Windows\system32\napinsp.dll
0x6e700000 - 0x6e712000 	C:\Windows\system32\pnrpnsp.dll
0x74580000 - 0x745c4000 	C:\Windows\system32\DNSAPI.dll
0x6e6f0000 - 0x6e6f8000 	C:\Windows\System32\winrnr.dll
0x16080000 - 0x16099000 	C:\Program Files\Bonjour\mdnsNSP.dll
0x71ad0000 - 0x71aec000 	C:\Windows\system32\Iphlpapi.DLL
0x71ab0000 - 0x71ab7000 	C:\Windows\system32\WINNSI.DLL
0x63560000 - 0x63568000 	C:\Program Files\National Instruments\Shared\mDNS Responder\nimdnsNSP.dll
0x63550000 - 0x6355b000 	C:\Windows\system32\nimdnsResponder.dll
0x6f4b0000 - 0x6f553000 	C:\Windows\WinSxS\x86_microsoft.vc90.crt_1fc8b3b9a1e18e3b_9.0.30729.6161_none_50934f2ebcb7eb57\MSVCR90.dll
0x741e0000 - 0x741e5000 	C:\Windows\System32\wshtcpip.dll
0x6f420000 - 0x6f426000 	C:\Windows\system32\rasadhlp.dll
0x718a0000 - 0x718d8000 	C:\Windows\System32\fwpuclnt.dll
0x6d0b0000 - 0x6d1fa000 	D:\ARDUINO DATA\arduino-1.0.5-r2\java\bin\awt.dll
0x6f0e0000 - 0x6f131000 	C:\Windows\system32\WINSPOOL.DRV
0x75590000 - 0x756ed000 	C:\Windows\system32\ole32.dll
0x73a90000 - 0x73c2e000 	C:\Windows\WinSxS\x86_microsoft.windows.common-controls_6595b64144ccf1df_6.0.7601.18837_none_41e855142bd5705d\comctl32.dll
0x76af0000 - 0x76b47000 	C:\Windows\system32\SHLWAPI.dll
0x735d0000 - 0x735e3000 	C:\Windows\system32\DWMAPI.DLL
0x73910000 - 0x73950000 	C:\Windows\system32\uxtheme.dll
0x100e0000 - 0x100f7000 	C:\Program Files\Smadav\SmadHook32.dll
0x74260000 - 0x74269000 	C:\Windows\system32\VERSION.dll
0x75c00000 - 0x7684b000 	C:\Windows\system32\shell32.dll
0x6d2e0000 - 0x6d334000 	D:\ARDUINO DATA\arduino-1.0.5-r2\java\bin\fontmanager.dll
0x6d6e0000 - 0x6d6e9000 	D:\ARDUINO DATA\arduino-1.0.5-r2\java\bin\nio.dll
0x76f80000 - 0x77003000 	C:\Windows\system32\CLBCatQ.DLL
0x76d20000 - 0x76db1000 	C:\Windows\system32\OLEAUT32.dll
0x115a0000 - 0x115b2000 	D:\ARDUINO DATA\arduino-1.0.5-r2\rxtxSerial.dll
0x6c240000 - 0x6c267000 	C:\Windows\system32\crtdll.dll
0x74c60000 - 0x74c6e000 	C:\Windows\system32\RpcRtRemote.dll

VM Arguments:
jvm_args: -Xms128m -Xmx128m 
java_command: processing.app.Base D:\ARDUINO DATA\Htet Htet\Engine on,off\test1_right\test1_right.ino
Launcher Type: SUN_STANDARD

Environment Variables:
PATH=C:\ProgramData\Oracle\Java\javapath;C:\Windows\system32;C:\Windows;C:\Windows\System32\Wbem;C:\Windows\System32\WindowsPowerShell\v1.0\;C:\Program Files\Mitov\Visuino;C:\Program Files\Common Files\Nero\Lib\;D:\ARDUINO DATA\arduino-1.0.5-r2\java\bin
USERNAME=User
OS=Windows_NT
PROCESSOR_IDENTIFIER=x86 Family 6 Model 37 Stepping 5, GenuineIntel



---------------  S Y S T E M  ---------------

OS: Windows 7 Build 7601 Service Pack 1

CPU:total 4 (8 cores per cpu, 2 threads per core) family 6 model 37 stepping 5, cmov, cx8, fxsr, mmx, sse, sse2, sse3, ssse3, sse4.1, sse4.2, ht

Memory: 4k page, physical 1953320k(1327644k free), swap 3906640k(2621188k free)

vm_info: Java HotSpot(TM) Client VM (14.2-b01) for windows-x86 JRE (1.6.0_16-b01), built on Jul 31 2009 11:26:58 by "java_re" with MS VC++ 7.1

time: Sun Jun 11 16:04:04 2017
elapsed time: 55 seconds

