#
# A fatal error has been detected by the Java Runtime Environment:
#
#  EXCEPTION_ACCESS_VIOLATION (0xc0000005) at pc=0x10115f80, pid=3844, tid=6140
#
# JRE version: 6.0_16-b01
# Java VM: Java HotSpot(TM) Client VM (14.2-b01 mixed mode windows-x86 )
# Problematic frame:
# C  0x10115f80
#
# If you would like to submit a bug report, please visit:
#   http://java.sun.com/webapps/bugreport/crash.jsp
# The crash happened outside the Java Virtual Machine in native code.
# See problematic frame for where to report the bug.
#

---------------  T H R E A D  ---------------

Current thread (0x019bb400):  JavaThread "Finalizer" daemon [_thread_in_native, id=6140, stack(0x0fbb0000,0x0fc00000)]

siginfo: ExceptionCode=0xc0000005, reading address 0x10115f80

Registers:
EAX=0x10115f80, EBX=0x0be01450, ECX=0x019bb510, EDX=0x0be608a8
ESP=0x0fbff62c, EBP=0x0fbff660, ESI=0x0be01450, EDI=0x019bb400
EIP=0x10115f80, EFLAGS=0x00010283

Top of Stack: (sp=0x0fbff62c)
0x0fbff62c:   01b19e37 019bb510 0fbff668 102ddee8
0x0fbff63c:   00000000 0fbff640 00000000 0fbff674
0x0fbff64c:   0be608a8 00000000 0be01450 00000000
0x0fbff65c:   0fbff670 0fbff698 01b12da1 0be017a0
0x0fbff66c:   01b18269 102ddee8 00000000 0fbff678
0x0fbff67c:   0bdff5fd 0fbff6a0 0be608a8 00000000
0x0fbff68c:   0bdff620 0fbff670 0fbff6a0 0fbff6b4
0x0fbff69c:   01b102cb 044eda48 00001f80 01b10266 

Instructions: (pc=0x10115f80)
0x10115f70:   
[error occurred during error reporting (printing registers, top of stack, instructions near pc), id 0xc0000005]

Stack: [0x0fbb0000,0x0fc00000],  sp=0x0fbff62c,  free space=317k
Native frames: (J=compiled Java code, j=interpreted, Vv=VM code, C=native code)
C  0x10115f80
j  com.sun.jna.Memory.finalize()V+13
v  ~StubRoutines::call_stub
V  [jvm.dll+0xecf9c]
V  [jvm.dll+0x1741e1]
V  [jvm.dll+0xed01d]
V  [jvm.dll+0xf5e2f]
V  [jvm.dll+0xf8b24]
C  [java.dll+0x2115]
j  java.lang.ref.Finalizer.runFinalizer()V+45
j  java.lang.ref.Finalizer.access$100(Ljava/lang/ref/Finalizer;)V+1
j  java.lang.ref.Finalizer$FinalizerThread.run()V+11
v  ~StubRoutines::call_stub
V  [jvm.dll+0xecf9c]
V  [jvm.dll+0x1741e1]
V  [jvm.dll+0xed167]
V  [jvm.dll+0xed1dd]
V  [jvm.dll+0x116290]
V  [jvm.dll+0x1d0424]
V  [jvm.dll+0x173e5c]
C  [msvcr71.dll+0x9565]
C  [kernel32.dll+0x4ef8c]
C  [ntdll.dll+0x6367a]
C  [ntdll.dll+0x6364d]

Java frames: (J=compiled Java code, j=interpreted, Vv=VM code)
j  com.sun.jna.Memory.free(J)V+0
j  com.sun.jna.Memory.finalize()V+13
v  ~StubRoutines::call_stub
j  java.lang.ref.Finalizer.invokeFinalizeMethod(Ljava/lang/Object;)V+0
j  java.lang.ref.Finalizer.runFinalizer()V+45
j  java.lang.ref.Finalizer.access$100(Ljava/lang/ref/Finalizer;)V+1
j  java.lang.ref.Finalizer$FinalizerThread.run()V+11
v  ~StubRoutines::call_stub

---------------  P R O C E S S  ---------------

Java Threads: ( => current thread )
  0x0feb9c00 JavaThread "Thread-2" daemon [_thread_in_native, id=5396, stack(0x10990000,0x109e0000)]
  0x01b09000 JavaThread "DestroyJavaVM" [_thread_blocked, id=3988, stack(0x00190000,0x001e0000)]
  0x12121c00 JavaThread "TimerQueue" daemon [_thread_blocked, id=952, stack(0x11660000,0x116b0000)]
  0x0ff67000 JavaThread "AWT-EventQueue-0" [_thread_blocked, id=5660, stack(0x10630000,0x10680000)]
  0x0ff66800 JavaThread "AWT-Shutdown" [_thread_blocked, id=1828, stack(0x10510000,0x10560000)]
  0x01a1f400 JavaThread "Java2D Disposer" daemon [_thread_blocked, id=1236, stack(0x104b0000,0x10500000)]
  0x019f4800 JavaThread "Low Memory Detector" daemon [_thread_blocked, id=2372, stack(0x0fcf0000,0x0fd40000)]
  0x019f3400 JavaThread "CompilerThread0" daemon [_thread_blocked, id=5732, stack(0x0fca0000,0x0fcf0000)]
  0x019f2400 JavaThread "Attach Listener" daemon [_thread_blocked, id=5388, stack(0x0fc50000,0x0fca0000)]
  0x019e7c00 JavaThread "Signal Dispatcher" daemon [_thread_blocked, id=5108, stack(0x0fc00000,0x0fc50000)]
=>0x019bb400 JavaThread "Finalizer" daemon [_thread_in_native, id=6140, stack(0x0fbb0000,0x0fc00000)]
  0x019b6800 JavaThread "Reference Handler" daemon [_thread_blocked, id=2684, stack(0x0fb60000,0x0fbb0000)]

Other Threads:
  0x019b2c00 VMThread [stack: 0x0fb10000,0x0fb60000] [id=5392]
  0x019fe000 WatcherThread [stack: 0x0fd40000,0x0fd90000] [id=4484]

VM state:not at safepoint (normal execution)

VM Mutex/Monitor currently owned by a thread: None

Heap
 def new generation   total 9088K, used 416K [0x03b10000, 0x044e0000, 0x044e0000)
  eden space 8128K,   5% used [0x03b10000, 0x03b78348, 0x04300000)
  from space 960K,   0% used [0x043f0000, 0x043f0000, 0x044e0000)
  to   space 960K,   0% used [0x04300000, 0x04300000, 0x043f0000)
 tenured generation   total 121024K, used 9599K [0x044e0000, 0x0bb10000, 0x0bb10000)
   the space 121024K,   7% used [0x044e0000, 0x04e3fed0, 0x04e40000, 0x0bb10000)
 compacting perm gen  total 12288K, used 11718K [0x0bb10000, 0x0c710000, 0x0fb10000)
   the space 12288K,  95% used [0x0bb10000, 0x0c681af8, 0x0c681c00, 0x0c710000)
No shared spaces configured.

Dynamic libraries:
0x00400000 - 0x00424000 	D:\ARDUINO DATA\arduino-1.0.5-r2\java\bin\javaw.exe
0x76d90000 - 0x76ed2000 	C:\Windows\SYSTEM32\ntdll.dll
0x75140000 - 0x75215000 	C:\Windows\system32\kernel32.dll
0x74e80000 - 0x74ecb000 	C:\Windows\system32\KERNELBASE.dll
0x76ce0000 - 0x76d81000 	C:\Windows\system32\ADVAPI32.dll
0x75a70000 - 0x75b1c000 	C:\Windows\system32\msvcrt.dll
0x75c70000 - 0x75c89000 	C:\Windows\SYSTEM32\sechost.dll
0x75030000 - 0x750d2000 	C:\Windows\system32\RPCRT4.dll
0x75d10000 - 0x75dd9000 	C:\Windows\system32\USER32.dll
0x76f90000 - 0x76fde000 	C:\Windows\system32\GDI32.dll
0x75300000 - 0x7530a000 	C:\Windows\system32\LPK.dll
0x75480000 - 0x7551d000 	C:\Windows\system32\USP10.dll
0x76ee0000 - 0x76eff000 	C:\Windows\system32\IMM32.DLL
0x753b0000 - 0x7547d000 	C:\Windows\system32\MSCTF.dll
0x7c340000 - 0x7c396000 	D:\ARDUINO DATA\arduino-1.0.5-r2\java\bin\msvcr71.dll
0x6d8b0000 - 0x6db3b000 	D:\ARDUINO DATA\arduino-1.0.5-r2\java\bin\client\jvm.dll
0x6edf0000 - 0x6ee22000 	C:\Windows\system32\WINMM.dll
0x74b70000 - 0x74bbc000 	C:\Windows\system32\apphelp.dll
0x6d860000 - 0x6d86c000 	D:\ARDUINO DATA\arduino-1.0.5-r2\java\bin\verify.dll
0x6d3e0000 - 0x6d3ff000 	D:\ARDUINO DATA\arduino-1.0.5-r2\java\bin\java.dll
0x6d340000 - 0x6d348000 	D:\ARDUINO DATA\arduino-1.0.5-r2\java\bin\hpi.dll
0x76f80000 - 0x76f85000 	C:\Windows\system32\PSAPI.DLL
0x6d8a0000 - 0x6d8af000 	D:\ARDUINO DATA\arduino-1.0.5-r2\java\bin\zip.dll
0x746d0000 - 0x746e7000 	C:\Windows\system32\CRYPTSP.dll
0x74460000 - 0x7449b000 	C:\Windows\system32\rsaenh.dll
0x74cf0000 - 0x74d07000 	C:\Windows\system32\USERENV.dll
0x74ca0000 - 0x74cab000 	C:\Windows\system32\profapi.dll
0x74bc0000 - 0x74bcc000 	C:\Windows\system32\CRYPTBASE.dll
0x6d6c0000 - 0x6d6d3000 	D:\ARDUINO DATA\arduino-1.0.5-r2\java\bin\net.dll
0x75220000 - 0x75255000 	C:\Windows\system32\WS2_32.dll
0x75680000 - 0x75686000 	C:\Windows\system32\NSI.dll
0x74690000 - 0x746cc000 	C:\Windows\system32\mswsock.dll
0x74680000 - 0x74686000 	C:\Windows\System32\wship6.dll
0x71ce0000 - 0x71cf0000 	C:\Windows\system32\NLAapi.dll
0x6f1a0000 - 0x6f1b0000 	C:\Windows\system32\napinsp.dll
0x6f180000 - 0x6f192000 	C:\Windows\system32\pnrpnsp.dll
0x74550000 - 0x74594000 	C:\Windows\system32\DNSAPI.dll
0x6f170000 - 0x6f178000 	C:\Windows\System32\winrnr.dll
0x16080000 - 0x16099000 	C:\Program Files\Bonjour\mdnsNSP.dll
0x71a30000 - 0x71a4c000 	C:\Windows\system32\Iphlpapi.DLL
0x71a10000 - 0x71a17000 	C:\Windows\system32\WINNSI.DLL
0x63560000 - 0x63568000 	C:\Program Files\National Instruments\Shared\mDNS Responder\nimdnsNSP.dll
0x63550000 - 0x6355b000 	C:\Windows\system32\nimdnsResponder.dll
0x6f5f0000 - 0x6f693000 	C:\Windows\WinSxS\x86_microsoft.vc90.crt_1fc8b3b9a1e18e3b_9.0.30729.6161_none_50934f2ebcb7eb57\MSVCR90.dll
0x741b0000 - 0x741b5000 	C:\Windows\System32\wshtcpip.dll
0x6eff0000 - 0x6eff6000 	C:\Windows\system32\rasadhlp.dll
0x71440000 - 0x71478000 	C:\Windows\System32\fwpuclnt.dll
0x6d0b0000 - 0x6d1fa000 	D:\ARDUINO DATA\arduino-1.0.5-r2\java\bin\awt.dll
0x6ee30000 - 0x6ee81000 	C:\Windows\system32\WINSPOOL.DRV
0x75520000 - 0x7567d000 	C:\Windows\system32\ole32.dll
0x73a60000 - 0x73bfe000 	C:\Windows\WinSxS\x86_microsoft.windows.common-controls_6595b64144ccf1df_6.0.7601.18837_none_41e855142bd5705d\comctl32.dll
0x74fd0000 - 0x75027000 	C:\Windows\system32\SHLWAPI.dll
0x735a0000 - 0x735b3000 	C:\Windows\system32\DWMAPI.DLL
0x738e0000 - 0x73920000 	C:\Windows\system32\uxtheme.dll
0x10000000 - 0x10017000 	C:\Program Files\Smadav\SmadHook32.dll
0x74230000 - 0x74239000 	C:\Windows\system32\VERSION.dll
0x76090000 - 0x76cdb000 	C:\Windows\system32\shell32.dll
0x6d2e0000 - 0x6d334000 	D:\ARDUINO DATA\arduino-1.0.5-r2\java\bin\fontmanager.dll
0x6d6e0000 - 0x6d6e9000 	D:\ARDUINO DATA\arduino-1.0.5-r2\java\bin\nio.dll
0x75310000 - 0x75393000 	C:\Windows\system32\CLBCatQ.DLL
0x75260000 - 0x752f1000 	C:\Windows\system32\OLEAUT32.dll
0x106c0000 - 0x106d2000 	D:\ARDUINO DATA\arduino-1.0.5-r2\rxtxSerial.dll
0x6c240000 - 0x6c267000 	C:\Windows\system32\crtdll.dll
0x74c30000 - 0x74c3e000 	C:\Windows\system32\RpcRtRemote.dll

VM Arguments:
jvm_args: -Xms128m -Xmx128m 
java_command: processing.app.Base D:\MTZ\17.may\aa_final\aa_final.ino
Launcher Type: SUN_STANDARD

Environment Variables:
PATH=C:\ProgramData\Oracle\Java\javapath;C:\Windows\system32;C:\Windows;C:\Windows\System32\Wbem;C:\Windows\System32\WindowsPowerShell\v1.0\;C:\Program Files\Mitov\Visuino;D:\ARDUINO DATA\arduino-1.0.5-r2\java\bin
USERNAME=User
OS=Windows_NT
PROCESSOR_IDENTIFIER=x86 Family 6 Model 37 Stepping 5, GenuineIntel



---------------  S Y S T E M  ---------------

OS: Windows 7 Build 7601 Service Pack 1

CPU:total 4 (8 cores per cpu, 2 threads per core) family 6 model 37 stepping 5, cmov, cx8, fxsr, mmx, sse, sse2, sse3, ssse3, sse4.1, sse4.2, ht

Memory: 4k page, physical 1953320k(1144964k free), swap 3906640k(2440936k free)

vm_info: Java HotSpot(TM) Client VM (14.2-b01) for windows-x86 JRE (1.6.0_16-b01), built on Jul 31 2009 11:26:58 by "java_re" with MS VC++ 7.1

time: Mon May 29 11:17:03 2017
elapsed time: 28237 seconds

